2025-01-31 17:56:12,947 [Worker-4: Loading available Gradle versions] INFO  o.e.b.c.i.u.g.PublishedGradleVersions - Gradle version information cache is not available. Remote download required.
2025-02-01 09:43:25,783 [Worker-1: Loading available Gradle versions] INFO  o.e.b.c.i.u.g.PublishedGradleVersions - Gradle version information cache is up-to-date. Trying to read.
2025-02-01 14:11:17,997 [Worker-2: Loading available Gradle versions] INFO  o.e.b.c.i.u.g.PublishedGradleVersions - Gradle version information cache is up-to-date. Trying to read.
2025-02-01 14:57:00,687 [Worker-2: Loading available Gradle versions] INFO  o.e.b.c.i.u.g.PublishedGradleVersions - Gradle version information cache is up-to-date. Trying to read.
2025-02-01 15:03:13,671 [Worker-1: Loading available Gradle versions] INFO  o.e.b.c.i.u.g.PublishedGradleVersions - Gradle version information cache is up-to-date. Trying to read.
2025-02-01 15:08:54,861 [Worker-0: Loading available Gradle versions] INFO  o.e.b.c.i.u.g.PublishedGradleVersions - Gradle version information cache is up-to-date. Trying to read.
2025-02-01 15:09:30,156 [Worker-1: Loading available Gradle versions] INFO  o.e.b.c.i.u.g.PublishedGradleVersions - Gradle version information cache is up-to-date. Trying to read.
2025-02-01 15:10:54,455 [Worker-1: Loading available Gradle versions] INFO  o.e.b.c.i.u.g.PublishedGradleVersions - Gradle version information cache is up-to-date. Trying to read.
2025-02-01 15:29:19,259 [Worker-0: Loading available Gradle versions] INFO  o.e.b.c.i.u.g.PublishedGradleVersions - Gradle version information cache is up-to-date. Trying to read.
2025-02-01 15:32:59,336 [Worker-1: Loading available Gradle versions] INFO  o.e.b.c.i.u.g.PublishedGradleVersions - Gradle version information cache is up-to-date. Trying to read.
2025-02-01 17:30:59,971 [Worker-2: Loading available Gradle versions] INFO  o.e.b.c.i.u.g.PublishedGradleVersions - Gradle version information cache is up-to-date. Trying to read.
2025-02-05 11:21:53,602 [Worker-2: Loading available Gradle versions] INFO  o.e.b.c.i.u.g.PublishedGradleVersions - Gradle version information cache is out-of-date. Trying to update.
2025-02-07 14:18:13,584 [Worker-0: Loading available Gradle versions] INFO  o.e.b.c.i.u.g.PublishedGradleVersions - Gradle version information cache is out-of-date. Trying to update.
2025-02-07 19:53:37,873 [Worker-4: Loading available Gradle versions] INFO  o.e.b.c.i.u.g.PublishedGradleVersions - Gradle version information cache is up-to-date. Trying to read.
2025-02-08 14:00:49,164 [Worker-1: Loading available Gradle versions] INFO  o.e.b.c.i.u.g.PublishedGradleVersions - Gradle version information cache is up-to-date. Trying to read.
2025-02-08 15:53:47,043 [Worker-36: Creating project "spring-example"] INFO  o.e.m.c.i.e.AbstractTransferListenerAdapter - Downloading https://repo.maven.apache.org/maven2/org/apache/maven/plugins/maven-clean-plugin/3.2.0/maven-clean-plugin-3.2.0.jar
2025-02-08 15:53:47,594 [Worker-36: Creating project "spring-example"] INFO  o.e.m.c.i.e.AbstractTransferListenerAdapter - Downloaded https://repo.maven.apache.org/maven2/org/apache/maven/plugins/maven-clean-plugin/3.2.0/maven-clean-plugin-3.2.0.jar
2025-02-08 15:53:48,032 [Worker-36: Creating project "spring-example"] INFO  o.e.m.c.i.e.AbstractTransferListenerAdapter - Downloading https://repo.maven.apache.org/maven2/org/apache/maven/plugins/maven-surefire-plugin/3.2.5/maven-surefire-plugin-3.2.5.jar
2025-02-08 15:53:48,362 [Worker-36: Creating project "spring-example"] INFO  o.e.m.c.i.e.AbstractTransferListenerAdapter - Downloaded https://repo.maven.apache.org/maven2/org/apache/maven/plugins/maven-surefire-plugin/3.2.5/maven-surefire-plugin-3.2.5.jar
2025-02-08 15:53:48,545 [Worker-36: Creating project "spring-example"] INFO  o.e.m.c.i.e.AbstractTransferListenerAdapter - Downloading https://repo.maven.apache.org/maven2/org/apache/maven/plugins/maven-jar-plugin/3.4.1/maven-jar-plugin-3.4.1.jar
2025-02-08 15:53:48,900 [Worker-36: Creating project "spring-example"] INFO  o.e.m.c.i.e.AbstractTransferListenerAdapter - Downloaded https://repo.maven.apache.org/maven2/org/apache/maven/plugins/maven-jar-plugin/3.4.1/maven-jar-plugin-3.4.1.jar
2025-02-08 15:53:49,094 [Worker-36: Creating project "spring-example"] INFO  o.e.m.c.i.e.AbstractTransferListenerAdapter - Downloading https://repo.maven.apache.org/maven2/org/apache/maven/plugins/maven-install-plugin/3.1.2/maven-install-plugin-3.1.2.jar
2025-02-08 15:53:49,414 [Worker-36: Creating project "spring-example"] INFO  o.e.m.c.i.e.AbstractTransferListenerAdapter - Downloaded https://repo.maven.apache.org/maven2/org/apache/maven/plugins/maven-install-plugin/3.1.2/maven-install-plugin-3.1.2.jar
2025-02-08 15:53:49,580 [Worker-36: Creating project "spring-example"] INFO  o.e.m.c.i.e.AbstractTransferListenerAdapter - Downloading https://repo.maven.apache.org/maven2/org/apache/maven/plugins/maven-deploy-plugin/3.1.2/maven-deploy-plugin-3.1.2.jar
2025-02-08 15:53:49,989 [Worker-36: Creating project "spring-example"] INFO  o.e.m.c.i.e.AbstractTransferListenerAdapter - Downloaded https://repo.maven.apache.org/maven2/org/apache/maven/plugins/maven-deploy-plugin/3.1.2/maven-deploy-plugin-3.1.2.jar
2025-02-08 15:53:52,316 [Worker-36: Creating project "spring-example"] INFO  o.e.m.c.i.l.LifecycleMappingFactory - Using org.eclipse.m2e.jdt.JarLifecycleMapping lifecycle mapping for MavenProject: com.wipro:spring-example:0.0.1-SNAPSHOT @ C:\HandsOn\Java\spring-example\pom.xml.
2025-02-08 15:53:52,426 [Worker-36: Creating project "spring-example"] INFO  o.e.m.c.i.e.AbstractTransferListenerAdapter - Downloading https://repo.maven.apache.org/maven2/org/apache/maven/plugins/maven-surefire-plugin/3.2.5/maven-surefire-plugin-3.2.5.pom
2025-02-08 15:53:52,468 [Worker-36: Creating project "spring-example"] INFO  o.e.m.c.i.e.AbstractTransferListenerAdapter - Downloaded https://repo.maven.apache.org/maven2/org/apache/maven/plugins/maven-surefire-plugin/3.2.5/maven-surefire-plugin-3.2.5.pom
2025-02-08 15:53:52,559 [Worker-36: Creating project "spring-example"] INFO  o.e.m.c.i.e.AbstractTransferListenerAdapter - Downloading https://repo.maven.apache.org/maven2/org/apache/maven/surefire/surefire/3.2.5/surefire-3.2.5.pom
2025-02-08 15:53:52,597 [Worker-36: Creating project "spring-example"] INFO  o.e.m.c.i.e.AbstractTransferListenerAdapter - Downloaded https://repo.maven.apache.org/maven2/org/apache/maven/surefire/surefire/3.2.5/surefire-3.2.5.pom
2025-02-08 15:53:52,650 [Worker-36: Creating project "spring-example"] INFO  o.e.m.c.i.e.AbstractTransferListenerAdapter - Downloading https://repo.maven.apache.org/maven2/org/apache/maven/plugins/maven-jar-plugin/3.4.1/maven-jar-plugin-3.4.1.pom
2025-02-08 15:53:52,694 [Worker-36: Creating project "spring-example"] INFO  o.e.m.c.i.e.AbstractTransferListenerAdapter - Downloaded https://repo.maven.apache.org/maven2/org/apache/maven/plugins/maven-jar-plugin/3.4.1/maven-jar-plugin-3.4.1.pom
2025-02-08 15:53:55,700 [Worker-36: Creating project "spring-example"] INFO  o.e.m.j.i.AbstractJavaProjectConfigurator - Adding source folder /spring-example/src/main/java
2025-02-08 15:53:55,707 [Worker-36: Creating project "spring-example"] INFO  o.e.m.j.i.AbstractJavaProjectConfigurator - Adding resource folder /spring-example/src/main/resources
2025-02-08 15:53:55,709 [Worker-36: Creating project "spring-example"] INFO  o.e.m.j.i.AbstractJavaProjectConfigurator - Adding source folder /spring-example/src/test/java
2025-02-08 15:53:55,711 [Worker-36: Creating project "spring-example"] INFO  o.e.m.j.i.AbstractJavaProjectConfigurator - Adding resource folder /spring-example/src/test/resources
2025-02-08 15:53:57,079 [Worker-27: Building] WARN  o.a.m.s.f.DefaultMavenResourcesFiltering - Using platform encoding (UTF-8 actually) to copy filtered resources, i.e. build is platform dependent!
2025-02-08 15:53:57,125 [Worker-27: Building] INFO  o.a.m.s.f.DefaultMavenResourcesFiltering - Copying 0 resource from src\main\resources to target\classes
2025-02-08 15:53:57,135 [Worker-27: Building] WARN  o.a.m.s.f.DefaultMavenResourcesFiltering - Using platform encoding (UTF-8 actually) to copy filtered resources, i.e. build is platform dependent!
2025-02-08 15:53:57,140 [Worker-27: Building] INFO  o.a.m.s.f.DefaultMavenResourcesFiltering - Copying 0 resource from src\test\resources to target\test-classes
2025-02-08 16:16:37,489 [Worker-27: Building] INFO  o.e.m.c.i.l.LifecycleMappingFactory - Using org.eclipse.m2e.jdt.JarLifecycleMapping lifecycle mapping for MavenProject: com.wipro:spring-example:0.0.1-SNAPSHOT @ C:\HandsOn\Java\spring-example\pom.xml.
2025-02-08 16:16:37,774 [Worker-27: Building] INFO  o.e.m.c.i.e.AbstractTransferListenerAdapter - Downloading https://repo.maven.apache.org/maven2/org/springframework/spring-core/7.0.0-M1/spring-core-7.0.0-M1.pom
2025-02-08 16:16:37,892 [Worker-27: Building] INFO  o.e.m.c.i.e.AbstractTransferListenerAdapter - Downloaded https://repo.maven.apache.org/maven2/org/springframework/spring-core/7.0.0-M1/spring-core-7.0.0-M1.pom
2025-02-08 16:16:37,970 [Worker-27: Building] INFO  o.e.m.c.i.e.AbstractTransferListenerAdapter - Downloading https://repo.maven.apache.org/maven2/commons-logging/commons-logging/1.3.4/commons-logging-1.3.4.pom
2025-02-08 16:16:38,080 [Worker-27: Building] INFO  o.e.m.c.i.e.AbstractTransferListenerAdapter - Downloaded https://repo.maven.apache.org/maven2/commons-logging/commons-logging/1.3.4/commons-logging-1.3.4.pom
2025-02-08 16:16:38,149 [Worker-27: Building] INFO  o.e.m.c.i.e.AbstractTransferListenerAdapter - Downloading https://repo.maven.apache.org/maven2/org/apache/commons/commons-parent/72/commons-parent-72.pom
2025-02-08 16:16:38,244 [Worker-27: Building] INFO  o.e.m.c.i.e.AbstractTransferListenerAdapter - Downloaded https://repo.maven.apache.org/maven2/org/apache/commons/commons-parent/72/commons-parent-72.pom
2025-02-08 16:16:38,327 [Worker-27: Building] INFO  o.e.m.c.i.e.AbstractTransferListenerAdapter - Downloading https://repo.maven.apache.org/maven2/org/junit/junit-bom/5.11.0-M2/junit-bom-5.11.0-M2.pom
2025-02-08 16:16:38,378 [Worker-27: Building] INFO  o.e.m.c.i.e.AbstractTransferListenerAdapter - Downloaded https://repo.maven.apache.org/maven2/org/junit/junit-bom/5.11.0-M2/junit-bom-5.11.0-M2.pom
2025-02-08 16:16:38,445 [Worker-27: Building] INFO  o.e.m.c.i.e.AbstractTransferListenerAdapter - Downloading https://repo.maven.apache.org/maven2/org/jspecify/jspecify/1.0.0/jspecify-1.0.0.pom
2025-02-08 16:16:38,493 [Worker-27: Building] INFO  o.e.m.c.i.e.AbstractTransferListenerAdapter - Downloaded https://repo.maven.apache.org/maven2/org/jspecify/jspecify/1.0.0/jspecify-1.0.0.pom
2025-02-08 16:16:38,534 [Worker-27: Building] INFO  o.e.m.c.i.e.AbstractTransferListenerAdapter - Downloading https://repo.maven.apache.org/maven2/org/springframework/spring-context/7.0.0-M1/spring-context-7.0.0-M1.pom
2025-02-08 16:16:38,578 [Worker-27: Building] INFO  o.e.m.c.i.e.AbstractTransferListenerAdapter - Downloaded https://repo.maven.apache.org/maven2/org/springframework/spring-context/7.0.0-M1/spring-context-7.0.0-M1.pom
2025-02-08 16:16:38,626 [Worker-27: Building] INFO  o.e.m.c.i.e.AbstractTransferListenerAdapter - Downloading https://repo.maven.apache.org/maven2/org/springframework/spring-aop/7.0.0-M1/spring-aop-7.0.0-M1.pom
2025-02-08 16:16:38,669 [Worker-27: Building] INFO  o.e.m.c.i.e.AbstractTransferListenerAdapter - Downloaded https://repo.maven.apache.org/maven2/org/springframework/spring-aop/7.0.0-M1/spring-aop-7.0.0-M1.pom
2025-02-08 16:16:38,715 [Worker-27: Building] INFO  o.e.m.c.i.e.AbstractTransferListenerAdapter - Downloading https://repo.maven.apache.org/maven2/org/springframework/spring-beans/7.0.0-M1/spring-beans-7.0.0-M1.pom
2025-02-08 16:16:38,753 [Worker-27: Building] INFO  o.e.m.c.i.e.AbstractTransferListenerAdapter - Downloaded https://repo.maven.apache.org/maven2/org/springframework/spring-beans/7.0.0-M1/spring-beans-7.0.0-M1.pom
2025-02-08 16:16:38,805 [Worker-27: Building] INFO  o.e.m.c.i.e.AbstractTransferListenerAdapter - Downloading https://repo.maven.apache.org/maven2/org/springframework/spring-expression/7.0.0-M1/spring-expression-7.0.0-M1.pom
2025-02-08 16:16:38,842 [Worker-27: Building] INFO  o.e.m.c.i.e.AbstractTransferListenerAdapter - Downloaded https://repo.maven.apache.org/maven2/org/springframework/spring-expression/7.0.0-M1/spring-expression-7.0.0-M1.pom
2025-02-08 16:16:38,931 [Worker-27: Building] INFO  o.e.m.c.i.e.AbstractTransferListenerAdapter - Downloading https://repo.maven.apache.org/maven2/org/springframework/spring-core/7.0.0-M1/spring-core-7.0.0-M1.jar
2025-02-08 16:16:39,365 [Worker-27: Building] INFO  o.e.m.c.i.e.AbstractTransferListenerAdapter - Downloaded https://repo.maven.apache.org/maven2/org/springframework/spring-core/7.0.0-M1/spring-core-7.0.0-M1.jar
2025-02-08 16:16:39,396 [BasicRepositoryConnector-repo.maven.apache.org-0-1] INFO  o.e.m.c.i.e.AbstractTransferListenerAdapter - Downloading https://repo.maven.apache.org/maven2/org/jspecify/jspecify/1.0.0/jspecify-1.0.0.jar
2025-02-08 16:16:39,489 [BasicRepositoryConnector-repo.maven.apache.org-0-0] INFO  o.e.m.c.i.e.AbstractTransferListenerAdapter - Downloading https://repo.maven.apache.org/maven2/commons-logging/commons-logging/1.3.4/commons-logging-1.3.4.jar
2025-02-08 16:16:39,500 [BasicRepositoryConnector-repo.maven.apache.org-0-2] INFO  o.e.m.c.i.e.AbstractTransferListenerAdapter - Downloading https://repo.maven.apache.org/maven2/org/springframework/spring-context/7.0.0-M1/spring-context-7.0.0-M1.jar
2025-02-08 16:16:39,506 [BasicRepositoryConnector-repo.maven.apache.org-0-4] INFO  o.e.m.c.i.e.AbstractTransferListenerAdapter - Downloading https://repo.maven.apache.org/maven2/org/springframework/spring-beans/7.0.0-M1/spring-beans-7.0.0-M1.jar
2025-02-08 16:16:39,512 [BasicRepositoryConnector-repo.maven.apache.org-0-3] INFO  o.e.m.c.i.e.AbstractTransferListenerAdapter - Downloading https://repo.maven.apache.org/maven2/org/springframework/spring-aop/7.0.0-M1/spring-aop-7.0.0-M1.jar
2025-02-08 16:16:39,608 [BasicRepositoryConnector-repo.maven.apache.org-0-0] INFO  o.e.m.c.i.e.AbstractTransferListenerAdapter - Downloaded https://repo.maven.apache.org/maven2/commons-logging/commons-logging/1.3.4/commons-logging-1.3.4.jar
2025-02-08 16:16:39,641 [BasicRepositoryConnector-repo.maven.apache.org-0-0] INFO  o.e.m.c.i.e.AbstractTransferListenerAdapter - Downloading https://repo.maven.apache.org/maven2/org/springframework/spring-expression/7.0.0-M1/spring-expression-7.0.0-M1.jar
2025-02-08 16:16:39,674 [BasicRepositoryConnector-repo.maven.apache.org-0-1] INFO  o.e.m.c.i.e.AbstractTransferListenerAdapter - Downloaded https://repo.maven.apache.org/maven2/org/jspecify/jspecify/1.0.0/jspecify-1.0.0.jar
2025-02-08 16:16:39,828 [BasicRepositoryConnector-repo.maven.apache.org-0-2] INFO  o.e.m.c.i.e.AbstractTransferListenerAdapter - Downloaded https://repo.maven.apache.org/maven2/org/springframework/spring-context/7.0.0-M1/spring-context-7.0.0-M1.jar
2025-02-08 16:16:39,856 [BasicRepositoryConnector-repo.maven.apache.org-0-4] INFO  o.e.m.c.i.e.AbstractTransferListenerAdapter - Downloaded https://repo.maven.apache.org/maven2/org/springframework/spring-beans/7.0.0-M1/spring-beans-7.0.0-M1.jar
2025-02-08 16:16:39,861 [BasicRepositoryConnector-repo.maven.apache.org-0-0] INFO  o.e.m.c.i.e.AbstractTransferListenerAdapter - Downloaded https://repo.maven.apache.org/maven2/org/springframework/spring-expression/7.0.0-M1/spring-expression-7.0.0-M1.jar
2025-02-08 16:16:39,881 [BasicRepositoryConnector-repo.maven.apache.org-0-3] INFO  o.e.m.c.i.e.AbstractTransferListenerAdapter - Downloaded https://repo.maven.apache.org/maven2/org/springframework/spring-aop/7.0.0-M1/spring-aop-7.0.0-M1.jar
2025-02-08 16:16:41,791 [Worker-29: Download sources and javadoc] INFO  o.e.m.c.i.e.AbstractTransferListenerAdapter - Downloading https://repo.maven.apache.org/maven2/org/springframework/spring-core/7.0.0-M1/spring-core-7.0.0-M1-sources.jar
2025-02-08 16:16:41,888 [Worker-27: Building] WARN  o.a.m.s.f.DefaultMavenResourcesFiltering - Using platform encoding (UTF-8 actually) to copy filtered resources, i.e. build is platform dependent!
2025-02-08 16:16:41,922 [Worker-27: Building] INFO  o.a.m.s.f.DefaultMavenResourcesFiltering - Copying 0 resource from src\main\resources to target\classes
2025-02-08 16:16:41,937 [Worker-27: Building] WARN  o.a.m.s.f.DefaultMavenResourcesFiltering - Using platform encoding (UTF-8 actually) to copy filtered resources, i.e. build is platform dependent!
2025-02-08 16:16:41,941 [Worker-27: Building] INFO  o.a.m.s.f.DefaultMavenResourcesFiltering - Copying 0 resource from src\test\resources to target\test-classes
2025-02-08 16:16:42,013 [Worker-29: Download sources and javadoc] INFO  o.e.m.c.i.e.AbstractTransferListenerAdapter - Downloaded https://repo.maven.apache.org/maven2/org/springframework/spring-core/7.0.0-M1/spring-core-7.0.0-M1-sources.jar
2025-02-08 16:16:42,022 [Worker-29: Download sources and javadoc] INFO  o.e.m.j.internal.DownloadSourcesJob - Downloaded sources for org.springframework:spring-core:7.0.0-M1
2025-02-08 16:16:42,409 [Worker-29: Download sources and javadoc] INFO  o.e.m.c.i.e.AbstractTransferListenerAdapter - Downloading https://repo.maven.apache.org/maven2/commons-logging/commons-logging/1.3.4/commons-logging-1.3.4-sources.jar
2025-02-08 16:16:42,512 [Worker-29: Download sources and javadoc] INFO  o.e.m.c.i.e.AbstractTransferListenerAdapter - Downloaded https://repo.maven.apache.org/maven2/commons-logging/commons-logging/1.3.4/commons-logging-1.3.4-sources.jar
2025-02-08 16:16:42,520 [Worker-29: Download sources and javadoc] INFO  o.e.m.j.internal.DownloadSourcesJob - Downloaded sources for commons-logging:commons-logging:1.3.4
2025-02-08 16:16:42,617 [Worker-29: Download sources and javadoc] INFO  o.e.m.c.i.e.AbstractTransferListenerAdapter - Downloading https://repo.maven.apache.org/maven2/org/jspecify/jspecify/1.0.0/jspecify-1.0.0-sources.jar
2025-02-08 16:16:43,135 [Worker-29: Download sources and javadoc] INFO  o.e.m.c.i.e.AbstractTransferListenerAdapter - Downloaded https://repo.maven.apache.org/maven2/org/jspecify/jspecify/1.0.0/jspecify-1.0.0-sources.jar
2025-02-08 16:16:43,149 [Worker-29: Download sources and javadoc] INFO  o.e.m.j.internal.DownloadSourcesJob - Downloaded sources for org.jspecify:jspecify:1.0.0
2025-02-08 16:16:43,256 [Worker-29: Download sources and javadoc] INFO  o.e.m.c.i.e.AbstractTransferListenerAdapter - Downloading https://repo.maven.apache.org/maven2/org/springframework/spring-context/7.0.0-M1/spring-context-7.0.0-M1-sources.jar
2025-02-08 16:16:43,448 [Worker-29: Download sources and javadoc] INFO  o.e.m.c.i.e.AbstractTransferListenerAdapter - Downloaded https://repo.maven.apache.org/maven2/org/springframework/spring-context/7.0.0-M1/spring-context-7.0.0-M1-sources.jar
2025-02-08 16:16:43,456 [Worker-29: Download sources and javadoc] INFO  o.e.m.j.internal.DownloadSourcesJob - Downloaded sources for org.springframework:spring-context:7.0.0-M1
2025-02-08 16:16:43,556 [Worker-29: Download sources and javadoc] INFO  o.e.m.c.i.e.AbstractTransferListenerAdapter - Downloading https://repo.maven.apache.org/maven2/org/springframework/spring-aop/7.0.0-M1/spring-aop-7.0.0-M1-sources.jar
2025-02-08 16:16:43,694 [Worker-29: Download sources and javadoc] INFO  o.e.m.c.i.e.AbstractTransferListenerAdapter - Downloaded https://repo.maven.apache.org/maven2/org/springframework/spring-aop/7.0.0-M1/spring-aop-7.0.0-M1-sources.jar
2025-02-08 16:16:43,708 [Worker-29: Download sources and javadoc] INFO  o.e.m.j.internal.DownloadSourcesJob - Downloaded sources for org.springframework:spring-aop:7.0.0-M1
2025-02-08 16:16:43,854 [Worker-29: Download sources and javadoc] INFO  o.e.m.c.i.e.AbstractTransferListenerAdapter - Downloading https://repo.maven.apache.org/maven2/org/springframework/spring-beans/7.0.0-M1/spring-beans-7.0.0-M1-sources.jar
2025-02-08 16:16:44,021 [Worker-29: Download sources and javadoc] INFO  o.e.m.c.i.e.AbstractTransferListenerAdapter - Downloaded https://repo.maven.apache.org/maven2/org/springframework/spring-beans/7.0.0-M1/spring-beans-7.0.0-M1-sources.jar
2025-02-08 16:16:44,028 [Worker-29: Download sources and javadoc] INFO  o.e.m.j.internal.DownloadSourcesJob - Downloaded sources for org.springframework:spring-beans:7.0.0-M1
2025-02-08 16:16:44,126 [Worker-29: Download sources and javadoc] INFO  o.e.m.c.i.e.AbstractTransferListenerAdapter - Downloading https://repo.maven.apache.org/maven2/org/springframework/spring-expression/7.0.0-M1/spring-expression-7.0.0-M1-sources.jar
2025-02-08 16:16:44,239 [Worker-29: Download sources and javadoc] INFO  o.e.m.c.i.e.AbstractTransferListenerAdapter - Downloaded https://repo.maven.apache.org/maven2/org/springframework/spring-expression/7.0.0-M1/spring-expression-7.0.0-M1-sources.jar
2025-02-08 16:16:44,259 [Worker-29: Download sources and javadoc] INFO  o.e.m.j.internal.DownloadSourcesJob - Downloaded sources for org.springframework:spring-expression:7.0.0-M1
2025-02-08 16:16:45,215 [Worker-37: Building] WARN  o.a.m.s.f.DefaultMavenResourcesFiltering - Using platform encoding (UTF-8 actually) to copy filtered resources, i.e. build is platform dependent!
2025-02-08 16:16:45,222 [Worker-37: Building] INFO  o.a.m.s.f.DefaultMavenResourcesFiltering - Copying 0 resource from src\main\resources to target\classes
2025-02-08 16:16:45,256 [Worker-37: Building] WARN  o.a.m.s.f.DefaultMavenResourcesFiltering - Using platform encoding (UTF-8 actually) to copy filtered resources, i.e. build is platform dependent!
2025-02-08 16:16:45,258 [Worker-37: Building] INFO  o.a.m.s.f.DefaultMavenResourcesFiltering - Copying 0 resource from src\test\resources to target\test-classes
2025-02-08 16:18:18,584 [Worker-16: Building] WARN  o.a.m.s.f.DefaultMavenResourcesFiltering - Using platform encoding (UTF-8 actually) to copy filtered resources, i.e. build is platform dependent!
2025-02-08 16:18:18,633 [Worker-16: Building] INFO  o.a.m.s.f.DefaultMavenResourcesFiltering - Copying 0 resource from src\main\resources to target\classes
2025-02-08 16:18:18,653 [Worker-16: Building] WARN  o.a.m.s.f.DefaultMavenResourcesFiltering - Using platform encoding (UTF-8 actually) to copy filtered resources, i.e. build is platform dependent!
2025-02-08 16:18:18,661 [Worker-16: Building] INFO  o.a.m.s.f.DefaultMavenResourcesFiltering - Copying 0 resource from src\test\resources to target\test-classes
2025-02-08 16:18:42,591 [Worker-32: Building] WARN  o.a.m.s.f.DefaultMavenResourcesFiltering - Using platform encoding (UTF-8 actually) to copy filtered resources, i.e. build is platform dependent!
2025-02-08 16:18:42,612 [Worker-32: Building] INFO  o.a.m.s.f.DefaultMavenResourcesFiltering - Copying 0 resource from src\main\resources to target\classes
2025-02-08 16:18:42,623 [Worker-32: Building] WARN  o.a.m.s.f.DefaultMavenResourcesFiltering - Using platform encoding (UTF-8 actually) to copy filtered resources, i.e. build is platform dependent!
2025-02-08 16:18:42,627 [Worker-32: Building] INFO  o.a.m.s.f.DefaultMavenResourcesFiltering - Copying 0 resource from src\test\resources to target\test-classes
2025-02-08 16:21:36,739 [Worker-35: Building] WARN  o.a.m.s.f.DefaultMavenResourcesFiltering - Using platform encoding (UTF-8 actually) to copy filtered resources, i.e. build is platform dependent!
2025-02-08 16:21:36,759 [Worker-35: Building] INFO  o.a.m.s.f.DefaultMavenResourcesFiltering - Copying 0 resource from src\main\resources to target\classes
2025-02-08 16:21:36,767 [Worker-35: Building] WARN  o.a.m.s.f.DefaultMavenResourcesFiltering - Using platform encoding (UTF-8 actually) to copy filtered resources, i.e. build is platform dependent!
2025-02-08 16:21:36,771 [Worker-35: Building] INFO  o.a.m.s.f.DefaultMavenResourcesFiltering - Copying 0 resource from src\test\resources to target\test-classes
2025-02-08 16:22:29,881 [Worker-29: Building] WARN  o.a.m.s.f.DefaultMavenResourcesFiltering - Using platform encoding (UTF-8 actually) to copy filtered resources, i.e. build is platform dependent!
2025-02-08 16:22:29,910 [Worker-29: Building] INFO  o.a.m.s.f.DefaultMavenResourcesFiltering - Copying 0 resource from src\main\resources to target\classes
2025-02-08 16:22:29,933 [Worker-29: Building] WARN  o.a.m.s.f.DefaultMavenResourcesFiltering - Using platform encoding (UTF-8 actually) to copy filtered resources, i.e. build is platform dependent!
2025-02-08 16:22:29,938 [Worker-29: Building] INFO  o.a.m.s.f.DefaultMavenResourcesFiltering - Copying 0 resource from src\test\resources to target\test-classes
2025-02-08 16:22:52,532 [Worker-30: Building] WARN  o.a.m.s.f.DefaultMavenResourcesFiltering - Using platform encoding (UTF-8 actually) to copy filtered resources, i.e. build is platform dependent!
2025-02-08 16:22:52,547 [Worker-30: Building] INFO  o.a.m.s.f.DefaultMavenResourcesFiltering - Copying 0 resource from src\main\resources to target\classes
2025-02-08 16:22:52,572 [Worker-30: Building] WARN  o.a.m.s.f.DefaultMavenResourcesFiltering - Using platform encoding (UTF-8 actually) to copy filtered resources, i.e. build is platform dependent!
2025-02-08 16:22:52,575 [Worker-30: Building] INFO  o.a.m.s.f.DefaultMavenResourcesFiltering - Copying 0 resource from src\test\resources to target\test-classes
2025-02-08 16:23:12,238 [Worker-30: Building] WARN  o.a.m.s.f.DefaultMavenResourcesFiltering - Using platform encoding (UTF-8 actually) to copy filtered resources, i.e. build is platform dependent!
2025-02-08 16:23:12,246 [Worker-30: Building] INFO  o.a.m.s.f.DefaultMavenResourcesFiltering - Copying 0 resource from src\main\resources to target\classes
2025-02-08 16:23:12,288 [Worker-30: Building] WARN  o.a.m.s.f.DefaultMavenResourcesFiltering - Using platform encoding (UTF-8 actually) to copy filtered resources, i.e. build is platform dependent!
2025-02-08 16:23:12,292 [Worker-30: Building] INFO  o.a.m.s.f.DefaultMavenResourcesFiltering - Copying 0 resource from src\test\resources to target\test-classes
2025-02-08 16:24:00,083 [Worker-33: Building] WARN  o.a.m.s.f.DefaultMavenResourcesFiltering - Using platform encoding (UTF-8 actually) to copy filtered resources, i.e. build is platform dependent!
2025-02-08 16:24:00,094 [Worker-33: Building] INFO  o.a.m.s.f.DefaultMavenResourcesFiltering - Copying 0 resource from src\main\resources to target\classes
2025-02-08 16:24:00,127 [Worker-33: Building] WARN  o.a.m.s.f.DefaultMavenResourcesFiltering - Using platform encoding (UTF-8 actually) to copy filtered resources, i.e. build is platform dependent!
2025-02-08 16:24:00,129 [Worker-33: Building] INFO  o.a.m.s.f.DefaultMavenResourcesFiltering - Copying 0 resource from src\test\resources to target\test-classes
2025-02-08 16:24:08,057 [Worker-35: Building] WARN  o.a.m.s.f.DefaultMavenResourcesFiltering - Using platform encoding (UTF-8 actually) to copy filtered resources, i.e. build is platform dependent!
2025-02-08 16:24:08,061 [Worker-35: Building] INFO  o.a.m.s.f.DefaultMavenResourcesFiltering - Copying 0 resource from src\main\resources to target\classes
2025-02-08 16:24:08,073 [Worker-35: Building] WARN  o.a.m.s.f.DefaultMavenResourcesFiltering - Using platform encoding (UTF-8 actually) to copy filtered resources, i.e. build is platform dependent!
2025-02-08 16:24:08,075 [Worker-35: Building] INFO  o.a.m.s.f.DefaultMavenResourcesFiltering - Copying 0 resource from src\test\resources to target\test-classes
2025-02-08 16:24:26,491 [Worker-33: Building] WARN  o.a.m.s.f.DefaultMavenResourcesFiltering - Using platform encoding (UTF-8 actually) to copy filtered resources, i.e. build is platform dependent!
2025-02-08 16:24:26,500 [Worker-33: Building] INFO  o.a.m.s.f.DefaultMavenResourcesFiltering - Copying 0 resource from src\main\resources to target\classes
2025-02-08 16:24:26,517 [Worker-33: Building] WARN  o.a.m.s.f.DefaultMavenResourcesFiltering - Using platform encoding (UTF-8 actually) to copy filtered resources, i.e. build is platform dependent!
2025-02-08 16:24:26,524 [Worker-33: Building] INFO  o.a.m.s.f.DefaultMavenResourcesFiltering - Copying 0 resource from src\test\resources to target\test-classes
2025-02-08 16:24:43,857 [Worker-32: Building] WARN  o.a.m.s.f.DefaultMavenResourcesFiltering - Using platform encoding (UTF-8 actually) to copy filtered resources, i.e. build is platform dependent!
2025-02-08 16:24:43,859 [Worker-32: Building] INFO  o.a.m.s.f.DefaultMavenResourcesFiltering - Copying 0 resource from src\main\resources to target\classes
2025-02-08 16:24:43,863 [Worker-32: Building] WARN  o.a.m.s.f.DefaultMavenResourcesFiltering - Using platform encoding (UTF-8 actually) to copy filtered resources, i.e. build is platform dependent!
2025-02-08 16:24:43,865 [Worker-32: Building] INFO  o.a.m.s.f.DefaultMavenResourcesFiltering - Copying 0 resource from src\test\resources to target\test-classes
2025-02-08 16:25:13,450 [Worker-38: Launching Executing clean in C__HandsOn_Java_spring-example] INFO  o.eclipse.m2e.core.internal.Bundles - getClasspathEntries(Bundle=org.eclipse.m2e.maven.runtime_3.9.900.20240824-1409 [300])
2025-02-08 16:25:13,461 [Worker-38: Launching Executing clean in C__HandsOn_Java_spring-example] INFO  o.eclipse.m2e.core.internal.Bundles - 	Entry: C:\Users\Hi\.p2\pool\plugins\org.eclipse.m2e.maven.runtime_3.9.900.20240824-1409
2025-02-08 16:25:13,465 [Worker-38: Launching Executing clean in C__HandsOn_Java_spring-example] INFO  o.eclipse.m2e.core.internal.Bundles - 	Entry: C:\Users\Hi\.p2\pool\plugins\org.eclipse.m2e.maven.runtime_3.9.900.20240824-1409\jars\aopalliance-1.0.jar
2025-02-08 16:25:13,466 [Worker-38: Launching Executing clean in C__HandsOn_Java_spring-example] INFO  o.eclipse.m2e.core.internal.Bundles - 	Entry: C:\Users\Hi\.p2\pool\plugins\org.eclipse.m2e.maven.runtime_3.9.900.20240824-1409\jars\guice-5.1.0.jar
2025-02-08 16:25:13,468 [Worker-38: Launching Executing clean in C__HandsOn_Java_spring-example] INFO  o.eclipse.m2e.core.internal.Bundles - 	Entry: C:\Users\Hi\.p2\pool\plugins\org.eclipse.m2e.maven.runtime_3.9.900.20240824-1409\jars\httpclient-4.5.14.jar
2025-02-08 16:25:13,470 [Worker-38: Launching Executing clean in C__HandsOn_Java_spring-example] INFO  o.eclipse.m2e.core.internal.Bundles - 	Entry: C:\Users\Hi\.p2\pool\plugins\org.eclipse.m2e.maven.runtime_3.9.900.20240824-1409\jars\httpcore-4.4.16.jar
2025-02-08 16:25:13,471 [Worker-38: Launching Executing clean in C__HandsOn_Java_spring-example] INFO  o.eclipse.m2e.core.internal.Bundles - 	Entry: C:\Users\Hi\.p2\pool\plugins\org.eclipse.m2e.maven.runtime_3.9.900.20240824-1409\jars\jansi-2.4.1.jar
2025-02-08 16:25:13,471 [Worker-38: Launching Executing clean in C__HandsOn_Java_spring-example] INFO  o.eclipse.m2e.core.internal.Bundles - 	Entry: C:\Users\Hi\.p2\pool\plugins\org.eclipse.m2e.maven.runtime_3.9.900.20240824-1409\jars\jcl-over-slf4j-1.7.36.jar
2025-02-08 16:25:13,472 [Worker-38: Launching Executing clean in C__HandsOn_Java_spring-example] INFO  o.eclipse.m2e.core.internal.Bundles - 	Entry: C:\Users\Hi\.p2\pool\plugins\org.eclipse.m2e.maven.runtime_3.9.900.20240824-1409\jars\maven-artifact-3.9.9.jar
2025-02-08 16:25:13,473 [Worker-38: Launching Executing clean in C__HandsOn_Java_spring-example] INFO  o.eclipse.m2e.core.internal.Bundles - 	Entry: C:\Users\Hi\.p2\pool\plugins\org.eclipse.m2e.maven.runtime_3.9.900.20240824-1409\jars\maven-builder-support-3.9.9.jar
2025-02-08 16:25:13,474 [Worker-38: Launching Executing clean in C__HandsOn_Java_spring-example] INFO  o.eclipse.m2e.core.internal.Bundles - 	Entry: C:\Users\Hi\.p2\pool\plugins\org.eclipse.m2e.maven.runtime_3.9.900.20240824-1409\jars\maven-compat-3.9.9.jar
2025-02-08 16:25:13,474 [Worker-38: Launching Executing clean in C__HandsOn_Java_spring-example] INFO  o.eclipse.m2e.core.internal.Bundles - 	Entry: C:\Users\Hi\.p2\pool\plugins\org.eclipse.m2e.maven.runtime_3.9.900.20240824-1409\jars\maven-core-3.9.9.jar
2025-02-08 16:25:13,476 [Worker-38: Launching Executing clean in C__HandsOn_Java_spring-example] INFO  o.eclipse.m2e.core.internal.Bundles - 	Entry: C:\Users\Hi\.p2\pool\plugins\org.eclipse.m2e.maven.runtime_3.9.900.20240824-1409\jars\maven-embedder-3.9.9.jar
2025-02-08 16:25:13,479 [Worker-38: Launching Executing clean in C__HandsOn_Java_spring-example] INFO  o.eclipse.m2e.core.internal.Bundles - 	Entry: C:\Users\Hi\.p2\pool\plugins\org.eclipse.m2e.maven.runtime_3.9.900.20240824-1409\jars\maven-model-3.9.9.jar
2025-02-08 16:25:13,480 [Worker-38: Launching Executing clean in C__HandsOn_Java_spring-example] INFO  o.eclipse.m2e.core.internal.Bundles - 	Entry: C:\Users\Hi\.p2\pool\plugins\org.eclipse.m2e.maven.runtime_3.9.900.20240824-1409\jars\maven-model-builder-3.9.9.jar
2025-02-08 16:25:13,482 [Worker-38: Launching Executing clean in C__HandsOn_Java_spring-example] INFO  o.eclipse.m2e.core.internal.Bundles - 	Entry: C:\Users\Hi\.p2\pool\plugins\org.eclipse.m2e.maven.runtime_3.9.900.20240824-1409\jars\maven-plugin-api-3.9.9.jar
2025-02-08 16:25:13,483 [Worker-38: Launching Executing clean in C__HandsOn_Java_spring-example] INFO  o.eclipse.m2e.core.internal.Bundles - 	Entry: C:\Users\Hi\.p2\pool\plugins\org.eclipse.m2e.maven.runtime_3.9.900.20240824-1409\jars\maven-repository-metadata-3.9.9.jar
2025-02-08 16:25:13,484 [Worker-38: Launching Executing clean in C__HandsOn_Java_spring-example] INFO  o.eclipse.m2e.core.internal.Bundles - 	Entry: C:\Users\Hi\.p2\pool\plugins\org.eclipse.m2e.maven.runtime_3.9.900.20240824-1409\jars\maven-resolver-api-1.9.22.jar
2025-02-08 16:25:13,484 [Worker-38: Launching Executing clean in C__HandsOn_Java_spring-example] INFO  o.eclipse.m2e.core.internal.Bundles - 	Entry: C:\Users\Hi\.p2\pool\plugins\org.eclipse.m2e.maven.runtime_3.9.900.20240824-1409\jars\maven-resolver-connector-basic-1.9.22.jar
2025-02-08 16:25:13,485 [Worker-38: Launching Executing clean in C__HandsOn_Java_spring-example] INFO  o.eclipse.m2e.core.internal.Bundles - 	Entry: C:\Users\Hi\.p2\pool\plugins\org.eclipse.m2e.maven.runtime_3.9.900.20240824-1409\jars\maven-resolver-impl-1.9.22.jar
2025-02-08 16:25:13,485 [Worker-38: Launching Executing clean in C__HandsOn_Java_spring-example] INFO  o.eclipse.m2e.core.internal.Bundles - 	Entry: C:\Users\Hi\.p2\pool\plugins\org.eclipse.m2e.maven.runtime_3.9.900.20240824-1409\jars\maven-resolver-named-locks-1.9.22.jar
2025-02-08 16:25:13,486 [Worker-38: Launching Executing clean in C__HandsOn_Java_spring-example] INFO  o.eclipse.m2e.core.internal.Bundles - 	Entry: C:\Users\Hi\.p2\pool\plugins\org.eclipse.m2e.maven.runtime_3.9.900.20240824-1409\jars\maven-resolver-provider-3.9.9.jar
2025-02-08 16:25:13,487 [Worker-38: Launching Executing clean in C__HandsOn_Java_spring-example] INFO  o.eclipse.m2e.core.internal.Bundles - 	Entry: C:\Users\Hi\.p2\pool\plugins\org.eclipse.m2e.maven.runtime_3.9.900.20240824-1409\jars\maven-resolver-spi-1.9.22.jar
2025-02-08 16:25:13,488 [Worker-38: Launching Executing clean in C__HandsOn_Java_spring-example] INFO  o.eclipse.m2e.core.internal.Bundles - 	Entry: C:\Users\Hi\.p2\pool\plugins\org.eclipse.m2e.maven.runtime_3.9.900.20240824-1409\jars\maven-resolver-transport-file-1.9.22.jar
2025-02-08 16:25:13,489 [Worker-38: Launching Executing clean in C__HandsOn_Java_spring-example] INFO  o.eclipse.m2e.core.internal.Bundles - 	Entry: C:\Users\Hi\.p2\pool\plugins\org.eclipse.m2e.maven.runtime_3.9.900.20240824-1409\jars\maven-resolver-transport-http-1.9.22.jar
2025-02-08 16:25:13,489 [Worker-38: Launching Executing clean in C__HandsOn_Java_spring-example] INFO  o.eclipse.m2e.core.internal.Bundles - 	Entry: C:\Users\Hi\.p2\pool\plugins\org.eclipse.m2e.maven.runtime_3.9.900.20240824-1409\jars\maven-resolver-transport-wagon-1.9.22.jar
2025-02-08 16:25:13,489 [Worker-38: Launching Executing clean in C__HandsOn_Java_spring-example] INFO  o.eclipse.m2e.core.internal.Bundles - 	Entry: C:\Users\Hi\.p2\pool\plugins\org.eclipse.m2e.maven.runtime_3.9.900.20240824-1409\jars\maven-resolver-util-1.9.22.jar
2025-02-08 16:25:13,490 [Worker-38: Launching Executing clean in C__HandsOn_Java_spring-example] INFO  o.eclipse.m2e.core.internal.Bundles - 	Entry: C:\Users\Hi\.p2\pool\plugins\org.eclipse.m2e.maven.runtime_3.9.900.20240824-1409\jars\maven-settings-3.9.9.jar
2025-02-08 16:25:13,490 [Worker-38: Launching Executing clean in C__HandsOn_Java_spring-example] INFO  o.eclipse.m2e.core.internal.Bundles - 	Entry: C:\Users\Hi\.p2\pool\plugins\org.eclipse.m2e.maven.runtime_3.9.900.20240824-1409\jars\maven-settings-builder-3.9.9.jar
2025-02-08 16:25:13,491 [Worker-38: Launching Executing clean in C__HandsOn_Java_spring-example] INFO  o.eclipse.m2e.core.internal.Bundles - 	Entry: C:\Users\Hi\.p2\pool\plugins\org.eclipse.m2e.maven.runtime_3.9.900.20240824-1409\jars\maven-shared-utils-3.4.2.jar
2025-02-08 16:25:13,492 [Worker-38: Launching Executing clean in C__HandsOn_Java_spring-example] INFO  o.eclipse.m2e.core.internal.Bundles - 	Entry: C:\Users\Hi\.p2\pool\plugins\org.eclipse.m2e.maven.runtime_3.9.900.20240824-1409\jars\org.eclipse.sisu.inject-0.9.0.M3.jar
2025-02-08 16:25:13,492 [Worker-38: Launching Executing clean in C__HandsOn_Java_spring-example] INFO  o.eclipse.m2e.core.internal.Bundles - 	Entry: C:\Users\Hi\.p2\pool\plugins\org.eclipse.m2e.maven.runtime_3.9.900.20240824-1409\jars\org.eclipse.sisu.plexus-0.9.0.M3.jar
2025-02-08 16:25:13,493 [Worker-38: Launching Executing clean in C__HandsOn_Java_spring-example] INFO  o.eclipse.m2e.core.internal.Bundles - 	Entry: C:\Users\Hi\.p2\pool\plugins\org.eclipse.m2e.maven.runtime_3.9.900.20240824-1409\jars\plexus-build-api-0.0.7.jar
2025-02-08 16:25:13,494 [Worker-38: Launching Executing clean in C__HandsOn_Java_spring-example] INFO  o.eclipse.m2e.core.internal.Bundles - 	Entry: C:\Users\Hi\.p2\pool\plugins\org.eclipse.m2e.maven.runtime_3.9.900.20240824-1409\jars\plexus-build-api-1.2.0.jar
2025-02-08 16:25:13,496 [Worker-38: Launching Executing clean in C__HandsOn_Java_spring-example] INFO  o.eclipse.m2e.core.internal.Bundles - 	Entry: C:\Users\Hi\.p2\pool\plugins\org.eclipse.m2e.maven.runtime_3.9.900.20240824-1409\jars\plexus-cipher-2.0.jar
2025-02-08 16:25:13,496 [Worker-38: Launching Executing clean in C__HandsOn_Java_spring-example] INFO  o.eclipse.m2e.core.internal.Bundles - 	Entry: C:\Users\Hi\.p2\pool\plugins\org.eclipse.m2e.maven.runtime_3.9.900.20240824-1409\jars\plexus-classworlds-2.8.0.jar
2025-02-08 16:25:13,497 [Worker-38: Launching Executing clean in C__HandsOn_Java_spring-example] INFO  o.eclipse.m2e.core.internal.Bundles - 	Entry: C:\Users\Hi\.p2\pool\plugins\org.eclipse.m2e.maven.runtime_3.9.900.20240824-1409\jars\plexus-component-annotations-2.1.0.jar
2025-02-08 16:25:13,498 [Worker-38: Launching Executing clean in C__HandsOn_Java_spring-example] INFO  o.eclipse.m2e.core.internal.Bundles - 	Entry: C:\Users\Hi\.p2\pool\plugins\org.eclipse.m2e.maven.runtime_3.9.900.20240824-1409\jars\plexus-interpolation-1.27.jar
2025-02-08 16:25:13,499 [Worker-38: Launching Executing clean in C__HandsOn_Java_spring-example] INFO  o.eclipse.m2e.core.internal.Bundles - 	Entry: C:\Users\Hi\.p2\pool\plugins\org.eclipse.m2e.maven.runtime_3.9.900.20240824-1409\jars\plexus-sec-dispatcher-2.0.jar
2025-02-08 16:25:13,500 [Worker-38: Launching Executing clean in C__HandsOn_Java_spring-example] INFO  o.eclipse.m2e.core.internal.Bundles - 	Entry: C:\Users\Hi\.p2\pool\plugins\org.eclipse.m2e.maven.runtime_3.9.900.20240824-1409\jars\plexus-utils-3.5.1.jar
2025-02-08 16:25:13,500 [Worker-38: Launching Executing clean in C__HandsOn_Java_spring-example] INFO  o.eclipse.m2e.core.internal.Bundles - 	Entry: C:\Users\Hi\.p2\pool\plugins\org.eclipse.m2e.maven.runtime_3.9.900.20240824-1409\jars\plexus-xml-3.0.1.jar
2025-02-08 16:25:13,500 [Worker-38: Launching Executing clean in C__HandsOn_Java_spring-example] INFO  o.eclipse.m2e.core.internal.Bundles - 	Entry: C:\Users\Hi\.p2\pool\plugins\org.eclipse.m2e.maven.runtime_3.9.900.20240824-1409\jars\wagon-file-3.5.3.jar
2025-02-08 16:25:13,501 [Worker-38: Launching Executing clean in C__HandsOn_Java_spring-example] INFO  o.eclipse.m2e.core.internal.Bundles - 	Entry: C:\Users\Hi\.p2\pool\plugins\org.eclipse.m2e.maven.runtime_3.9.900.20240824-1409\jars\wagon-http-3.5.3.jar
2025-02-08 16:25:13,501 [Worker-38: Launching Executing clean in C__HandsOn_Java_spring-example] INFO  o.eclipse.m2e.core.internal.Bundles - 	Entry: C:\Users\Hi\.p2\pool\plugins\org.eclipse.m2e.maven.runtime_3.9.900.20240824-1409\jars\wagon-http-shared-3.5.3.jar
2025-02-08 16:25:13,503 [Worker-38: Launching Executing clean in C__HandsOn_Java_spring-example] INFO  o.eclipse.m2e.core.internal.Bundles - 	Entry: C:\Users\Hi\.p2\pool\plugins\org.eclipse.m2e.maven.runtime_3.9.900.20240824-1409\jars\wagon-provider-api-3.5.3.jar
2025-02-08 16:25:13,514 [Worker-38: Launching Executing clean in C__HandsOn_Java_spring-example] INFO  o.eclipse.m2e.core.internal.Bundles - getClasspathEntries(Bundle=com.google.guava_33.3.1.jre [10])
2025-02-08 16:25:13,515 [Worker-38: Launching Executing clean in C__HandsOn_Java_spring-example] INFO  o.eclipse.m2e.core.internal.Bundles - 	Entry: C:\Users\Hi\.p2\pool\plugins\com.google.guava_33.3.1.jre.jar
2025-02-08 16:25:13,516 [Worker-38: Launching Executing clean in C__HandsOn_Java_spring-example] INFO  o.eclipse.m2e.core.internal.Bundles - getClasspathEntries(Bundle=slf4j.api_2.0.16 [524])
2025-02-08 16:25:13,517 [Worker-38: Launching Executing clean in C__HandsOn_Java_spring-example] INFO  o.eclipse.m2e.core.internal.Bundles - 	Entry: C:\Users\Hi\.p2\pool\plugins\slf4j.api_2.0.16.jar
2025-02-08 16:25:13,517 [Worker-38: Launching Executing clean in C__HandsOn_Java_spring-example] INFO  o.eclipse.m2e.core.internal.Bundles - getClasspathEntries(Bundle=jakarta.inject.jakarta.inject-api_1.0.5 [22])
2025-02-08 16:25:13,518 [Worker-38: Launching Executing clean in C__HandsOn_Java_spring-example] INFO  o.eclipse.m2e.core.internal.Bundles - 	Entry: C:\Users\Hi\.p2\pool\plugins\jakarta.inject.jakarta.inject-api_1.0.5.jar
2025-02-08 16:25:13,519 [Worker-38: Launching Executing clean in C__HandsOn_Java_spring-example] INFO  o.eclipse.m2e.core.internal.Bundles - getClasspathEntries(Bundle=jakarta.annotation-api_1.3.5 [20])
2025-02-08 16:25:13,519 [Worker-38: Launching Executing clean in C__HandsOn_Java_spring-example] INFO  o.eclipse.m2e.core.internal.Bundles - 	Entry: C:\Users\Hi\.p2\pool\plugins\jakarta.annotation-api_1.3.5.jar
2025-02-08 16:25:13,519 [Worker-38: Launching Executing clean in C__HandsOn_Java_spring-example] INFO  o.eclipse.m2e.core.internal.Bundles - getClasspathEntries(Bundle=org.apache.commons.cli_1.9.0 [47])
2025-02-08 16:25:13,521 [Worker-38: Launching Executing clean in C__HandsOn_Java_spring-example] INFO  o.eclipse.m2e.core.internal.Bundles - 	Entry: C:\Users\Hi\.p2\pool\plugins\org.apache.commons.cli_1.9.0.jar
2025-02-08 16:25:13,521 [Worker-38: Launching Executing clean in C__HandsOn_Java_spring-example] INFO  o.eclipse.m2e.core.internal.Bundles - getClasspathEntries(Bundle=org.apache.commons.commons-codec_1.16.0 [50])
2025-02-08 16:25:13,523 [Worker-38: Launching Executing clean in C__HandsOn_Java_spring-example] INFO  o.eclipse.m2e.core.internal.Bundles - 	Entry: C:\Users\Hi\.p2\pool\plugins\org.apache.commons.commons-codec_1.16.0.jar
2025-02-08 16:25:13,523 [Worker-38: Launching Executing clean in C__HandsOn_Java_spring-example] INFO  o.eclipse.m2e.core.internal.Bundles - getClasspathEntries(Bundle=com.google.guava.failureaccess_1.0.2 [11])
2025-02-08 16:25:13,523 [Worker-38: Launching Executing clean in C__HandsOn_Java_spring-example] INFO  o.eclipse.m2e.core.internal.Bundles - 	Entry: C:\Users\Hi\.p2\pool\plugins\com.google.guava.failureaccess_1.0.2.jar
2025-02-08 16:25:13,539 [Worker-38: Launching Executing clean in C__HandsOn_Java_spring-example] INFO  o.e.m.i.launch.MavenLaunchDelegate - Run build in "C:\HandsOn\Java\spring-example":
2025-02-08 16:25:13,542 [Worker-38: Launching Executing clean in C__HandsOn_Java_spring-example] INFO  o.e.m.i.launch.MavenLaunchDelegate -  mvn  -B -Dstyle.color=always clean
2025-02-08 16:25:21,403 [Worker-34: Building] WARN  o.a.m.s.f.DefaultMavenResourcesFiltering - Using platform encoding (UTF-8 actually) to copy filtered resources, i.e. build is platform dependent!
2025-02-08 16:25:21,407 [Worker-34: Building] INFO  o.a.m.s.f.DefaultMavenResourcesFiltering - Copying 0 resource from src\main\resources to target\classes
2025-02-08 16:25:21,419 [Worker-34: Building] WARN  o.a.m.s.f.DefaultMavenResourcesFiltering - Using platform encoding (UTF-8 actually) to copy filtered resources, i.e. build is platform dependent!
2025-02-08 16:25:21,421 [Worker-34: Building] INFO  o.a.m.s.f.DefaultMavenResourcesFiltering - Copying 0 resource from src\test\resources to target\test-classes
2025-02-08 16:59:15,124 [Worker-49: Launching Executing clean in C__HandsOn_Java_spring-example] INFO  o.eclipse.m2e.core.internal.Bundles - getClasspathEntries(Bundle=org.eclipse.m2e.maven.runtime_3.9.900.20240824-1409 [300])
2025-02-08 16:59:15,152 [Worker-49: Launching Executing clean in C__HandsOn_Java_spring-example] INFO  o.eclipse.m2e.core.internal.Bundles - 	Entry: C:\Users\Hi\.p2\pool\plugins\org.eclipse.m2e.maven.runtime_3.9.900.20240824-1409
2025-02-08 16:59:15,156 [Worker-49: Launching Executing clean in C__HandsOn_Java_spring-example] INFO  o.eclipse.m2e.core.internal.Bundles - 	Entry: C:\Users\Hi\.p2\pool\plugins\org.eclipse.m2e.maven.runtime_3.9.900.20240824-1409\jars\aopalliance-1.0.jar
2025-02-08 16:59:15,156 [Worker-49: Launching Executing clean in C__HandsOn_Java_spring-example] INFO  o.eclipse.m2e.core.internal.Bundles - 	Entry: C:\Users\Hi\.p2\pool\plugins\org.eclipse.m2e.maven.runtime_3.9.900.20240824-1409\jars\guice-5.1.0.jar
2025-02-08 16:59:15,157 [Worker-49: Launching Executing clean in C__HandsOn_Java_spring-example] INFO  o.eclipse.m2e.core.internal.Bundles - 	Entry: C:\Users\Hi\.p2\pool\plugins\org.eclipse.m2e.maven.runtime_3.9.900.20240824-1409\jars\httpclient-4.5.14.jar
2025-02-08 16:59:15,157 [Worker-49: Launching Executing clean in C__HandsOn_Java_spring-example] INFO  o.eclipse.m2e.core.internal.Bundles - 	Entry: C:\Users\Hi\.p2\pool\plugins\org.eclipse.m2e.maven.runtime_3.9.900.20240824-1409\jars\httpcore-4.4.16.jar
2025-02-08 16:59:15,157 [Worker-49: Launching Executing clean in C__HandsOn_Java_spring-example] INFO  o.eclipse.m2e.core.internal.Bundles - 	Entry: C:\Users\Hi\.p2\pool\plugins\org.eclipse.m2e.maven.runtime_3.9.900.20240824-1409\jars\jansi-2.4.1.jar
2025-02-08 16:59:15,159 [Worker-49: Launching Executing clean in C__HandsOn_Java_spring-example] INFO  o.eclipse.m2e.core.internal.Bundles - 	Entry: C:\Users\Hi\.p2\pool\plugins\org.eclipse.m2e.maven.runtime_3.9.900.20240824-1409\jars\jcl-over-slf4j-1.7.36.jar
2025-02-08 16:59:15,159 [Worker-49: Launching Executing clean in C__HandsOn_Java_spring-example] INFO  o.eclipse.m2e.core.internal.Bundles - 	Entry: C:\Users\Hi\.p2\pool\plugins\org.eclipse.m2e.maven.runtime_3.9.900.20240824-1409\jars\maven-artifact-3.9.9.jar
2025-02-08 16:59:15,160 [Worker-49: Launching Executing clean in C__HandsOn_Java_spring-example] INFO  o.eclipse.m2e.core.internal.Bundles - 	Entry: C:\Users\Hi\.p2\pool\plugins\org.eclipse.m2e.maven.runtime_3.9.900.20240824-1409\jars\maven-builder-support-3.9.9.jar
2025-02-08 16:59:15,160 [Worker-49: Launching Executing clean in C__HandsOn_Java_spring-example] INFO  o.eclipse.m2e.core.internal.Bundles - 	Entry: C:\Users\Hi\.p2\pool\plugins\org.eclipse.m2e.maven.runtime_3.9.900.20240824-1409\jars\maven-compat-3.9.9.jar
2025-02-08 16:59:15,162 [Worker-49: Launching Executing clean in C__HandsOn_Java_spring-example] INFO  o.eclipse.m2e.core.internal.Bundles - 	Entry: C:\Users\Hi\.p2\pool\plugins\org.eclipse.m2e.maven.runtime_3.9.900.20240824-1409\jars\maven-core-3.9.9.jar
2025-02-08 16:59:15,164 [Worker-49: Launching Executing clean in C__HandsOn_Java_spring-example] INFO  o.eclipse.m2e.core.internal.Bundles - 	Entry: C:\Users\Hi\.p2\pool\plugins\org.eclipse.m2e.maven.runtime_3.9.900.20240824-1409\jars\maven-embedder-3.9.9.jar
2025-02-08 16:59:15,165 [Worker-49: Launching Executing clean in C__HandsOn_Java_spring-example] INFO  o.eclipse.m2e.core.internal.Bundles - 	Entry: C:\Users\Hi\.p2\pool\plugins\org.eclipse.m2e.maven.runtime_3.9.900.20240824-1409\jars\maven-model-3.9.9.jar
2025-02-08 16:59:15,166 [Worker-49: Launching Executing clean in C__HandsOn_Java_spring-example] INFO  o.eclipse.m2e.core.internal.Bundles - 	Entry: C:\Users\Hi\.p2\pool\plugins\org.eclipse.m2e.maven.runtime_3.9.900.20240824-1409\jars\maven-model-builder-3.9.9.jar
2025-02-08 16:59:15,167 [Worker-49: Launching Executing clean in C__HandsOn_Java_spring-example] INFO  o.eclipse.m2e.core.internal.Bundles - 	Entry: C:\Users\Hi\.p2\pool\plugins\org.eclipse.m2e.maven.runtime_3.9.900.20240824-1409\jars\maven-plugin-api-3.9.9.jar
2025-02-08 16:59:15,167 [Worker-49: Launching Executing clean in C__HandsOn_Java_spring-example] INFO  o.eclipse.m2e.core.internal.Bundles - 	Entry: C:\Users\Hi\.p2\pool\plugins\org.eclipse.m2e.maven.runtime_3.9.900.20240824-1409\jars\maven-repository-metadata-3.9.9.jar
2025-02-08 16:59:15,167 [Worker-49: Launching Executing clean in C__HandsOn_Java_spring-example] INFO  o.eclipse.m2e.core.internal.Bundles - 	Entry: C:\Users\Hi\.p2\pool\plugins\org.eclipse.m2e.maven.runtime_3.9.900.20240824-1409\jars\maven-resolver-api-1.9.22.jar
2025-02-08 16:59:15,169 [Worker-49: Launching Executing clean in C__HandsOn_Java_spring-example] INFO  o.eclipse.m2e.core.internal.Bundles - 	Entry: C:\Users\Hi\.p2\pool\plugins\org.eclipse.m2e.maven.runtime_3.9.900.20240824-1409\jars\maven-resolver-connector-basic-1.9.22.jar
2025-02-08 16:59:15,170 [Worker-49: Launching Executing clean in C__HandsOn_Java_spring-example] INFO  o.eclipse.m2e.core.internal.Bundles - 	Entry: C:\Users\Hi\.p2\pool\plugins\org.eclipse.m2e.maven.runtime_3.9.900.20240824-1409\jars\maven-resolver-impl-1.9.22.jar
2025-02-08 16:59:15,171 [Worker-49: Launching Executing clean in C__HandsOn_Java_spring-example] INFO  o.eclipse.m2e.core.internal.Bundles - 	Entry: C:\Users\Hi\.p2\pool\plugins\org.eclipse.m2e.maven.runtime_3.9.900.20240824-1409\jars\maven-resolver-named-locks-1.9.22.jar
2025-02-08 16:59:15,172 [Worker-49: Launching Executing clean in C__HandsOn_Java_spring-example] INFO  o.eclipse.m2e.core.internal.Bundles - 	Entry: C:\Users\Hi\.p2\pool\plugins\org.eclipse.m2e.maven.runtime_3.9.900.20240824-1409\jars\maven-resolver-provider-3.9.9.jar
2025-02-08 16:59:15,173 [Worker-49: Launching Executing clean in C__HandsOn_Java_spring-example] INFO  o.eclipse.m2e.core.internal.Bundles - 	Entry: C:\Users\Hi\.p2\pool\plugins\org.eclipse.m2e.maven.runtime_3.9.900.20240824-1409\jars\maven-resolver-spi-1.9.22.jar
2025-02-08 16:59:15,173 [Worker-49: Launching Executing clean in C__HandsOn_Java_spring-example] INFO  o.eclipse.m2e.core.internal.Bundles - 	Entry: C:\Users\Hi\.p2\pool\plugins\org.eclipse.m2e.maven.runtime_3.9.900.20240824-1409\jars\maven-resolver-transport-file-1.9.22.jar
2025-02-08 16:59:15,174 [Worker-49: Launching Executing clean in C__HandsOn_Java_spring-example] INFO  o.eclipse.m2e.core.internal.Bundles - 	Entry: C:\Users\Hi\.p2\pool\plugins\org.eclipse.m2e.maven.runtime_3.9.900.20240824-1409\jars\maven-resolver-transport-http-1.9.22.jar
2025-02-08 16:59:15,174 [Worker-49: Launching Executing clean in C__HandsOn_Java_spring-example] INFO  o.eclipse.m2e.core.internal.Bundles - 	Entry: C:\Users\Hi\.p2\pool\plugins\org.eclipse.m2e.maven.runtime_3.9.900.20240824-1409\jars\maven-resolver-transport-wagon-1.9.22.jar
2025-02-08 16:59:15,175 [Worker-49: Launching Executing clean in C__HandsOn_Java_spring-example] INFO  o.eclipse.m2e.core.internal.Bundles - 	Entry: C:\Users\Hi\.p2\pool\plugins\org.eclipse.m2e.maven.runtime_3.9.900.20240824-1409\jars\maven-resolver-util-1.9.22.jar
2025-02-08 16:59:15,175 [Worker-49: Launching Executing clean in C__HandsOn_Java_spring-example] INFO  o.eclipse.m2e.core.internal.Bundles - 	Entry: C:\Users\Hi\.p2\pool\plugins\org.eclipse.m2e.maven.runtime_3.9.900.20240824-1409\jars\maven-settings-3.9.9.jar
2025-02-08 16:59:15,175 [Worker-49: Launching Executing clean in C__HandsOn_Java_spring-example] INFO  o.eclipse.m2e.core.internal.Bundles - 	Entry: C:\Users\Hi\.p2\pool\plugins\org.eclipse.m2e.maven.runtime_3.9.900.20240824-1409\jars\maven-settings-builder-3.9.9.jar
2025-02-08 16:59:15,176 [Worker-49: Launching Executing clean in C__HandsOn_Java_spring-example] INFO  o.eclipse.m2e.core.internal.Bundles - 	Entry: C:\Users\Hi\.p2\pool\plugins\org.eclipse.m2e.maven.runtime_3.9.900.20240824-1409\jars\maven-shared-utils-3.4.2.jar
2025-02-08 16:59:15,176 [Worker-49: Launching Executing clean in C__HandsOn_Java_spring-example] INFO  o.eclipse.m2e.core.internal.Bundles - 	Entry: C:\Users\Hi\.p2\pool\plugins\org.eclipse.m2e.maven.runtime_3.9.900.20240824-1409\jars\org.eclipse.sisu.inject-0.9.0.M3.jar
2025-02-08 16:59:15,177 [Worker-49: Launching Executing clean in C__HandsOn_Java_spring-example] INFO  o.eclipse.m2e.core.internal.Bundles - 	Entry: C:\Users\Hi\.p2\pool\plugins\org.eclipse.m2e.maven.runtime_3.9.900.20240824-1409\jars\org.eclipse.sisu.plexus-0.9.0.M3.jar
2025-02-08 16:59:15,179 [Worker-49: Launching Executing clean in C__HandsOn_Java_spring-example] INFO  o.eclipse.m2e.core.internal.Bundles - 	Entry: C:\Users\Hi\.p2\pool\plugins\org.eclipse.m2e.maven.runtime_3.9.900.20240824-1409\jars\plexus-build-api-0.0.7.jar
2025-02-08 16:59:15,181 [Worker-49: Launching Executing clean in C__HandsOn_Java_spring-example] INFO  o.eclipse.m2e.core.internal.Bundles - 	Entry: C:\Users\Hi\.p2\pool\plugins\org.eclipse.m2e.maven.runtime_3.9.900.20240824-1409\jars\plexus-build-api-1.2.0.jar
2025-02-08 16:59:15,181 [Worker-49: Launching Executing clean in C__HandsOn_Java_spring-example] INFO  o.eclipse.m2e.core.internal.Bundles - 	Entry: C:\Users\Hi\.p2\pool\plugins\org.eclipse.m2e.maven.runtime_3.9.900.20240824-1409\jars\plexus-cipher-2.0.jar
2025-02-08 16:59:15,181 [Worker-49: Launching Executing clean in C__HandsOn_Java_spring-example] INFO  o.eclipse.m2e.core.internal.Bundles - 	Entry: C:\Users\Hi\.p2\pool\plugins\org.eclipse.m2e.maven.runtime_3.9.900.20240824-1409\jars\plexus-classworlds-2.8.0.jar
2025-02-08 16:59:15,183 [Worker-49: Launching Executing clean in C__HandsOn_Java_spring-example] INFO  o.eclipse.m2e.core.internal.Bundles - 	Entry: C:\Users\Hi\.p2\pool\plugins\org.eclipse.m2e.maven.runtime_3.9.900.20240824-1409\jars\plexus-component-annotations-2.1.0.jar
2025-02-08 16:59:15,183 [Worker-49: Launching Executing clean in C__HandsOn_Java_spring-example] INFO  o.eclipse.m2e.core.internal.Bundles - 	Entry: C:\Users\Hi\.p2\pool\plugins\org.eclipse.m2e.maven.runtime_3.9.900.20240824-1409\jars\plexus-interpolation-1.27.jar
2025-02-08 16:59:15,184 [Worker-49: Launching Executing clean in C__HandsOn_Java_spring-example] INFO  o.eclipse.m2e.core.internal.Bundles - 	Entry: C:\Users\Hi\.p2\pool\plugins\org.eclipse.m2e.maven.runtime_3.9.900.20240824-1409\jars\plexus-sec-dispatcher-2.0.jar
2025-02-08 16:59:15,185 [Worker-49: Launching Executing clean in C__HandsOn_Java_spring-example] INFO  o.eclipse.m2e.core.internal.Bundles - 	Entry: C:\Users\Hi\.p2\pool\plugins\org.eclipse.m2e.maven.runtime_3.9.900.20240824-1409\jars\plexus-utils-3.5.1.jar
2025-02-08 16:59:15,186 [Worker-49: Launching Executing clean in C__HandsOn_Java_spring-example] INFO  o.eclipse.m2e.core.internal.Bundles - 	Entry: C:\Users\Hi\.p2\pool\plugins\org.eclipse.m2e.maven.runtime_3.9.900.20240824-1409\jars\plexus-xml-3.0.1.jar
2025-02-08 16:59:15,186 [Worker-49: Launching Executing clean in C__HandsOn_Java_spring-example] INFO  o.eclipse.m2e.core.internal.Bundles - 	Entry: C:\Users\Hi\.p2\pool\plugins\org.eclipse.m2e.maven.runtime_3.9.900.20240824-1409\jars\wagon-file-3.5.3.jar
2025-02-08 16:59:15,187 [Worker-49: Launching Executing clean in C__HandsOn_Java_spring-example] INFO  o.eclipse.m2e.core.internal.Bundles - 	Entry: C:\Users\Hi\.p2\pool\plugins\org.eclipse.m2e.maven.runtime_3.9.900.20240824-1409\jars\wagon-http-3.5.3.jar
2025-02-08 16:59:15,187 [Worker-49: Launching Executing clean in C__HandsOn_Java_spring-example] INFO  o.eclipse.m2e.core.internal.Bundles - 	Entry: C:\Users\Hi\.p2\pool\plugins\org.eclipse.m2e.maven.runtime_3.9.900.20240824-1409\jars\wagon-http-shared-3.5.3.jar
2025-02-08 16:59:15,187 [Worker-49: Launching Executing clean in C__HandsOn_Java_spring-example] INFO  o.eclipse.m2e.core.internal.Bundles - 	Entry: C:\Users\Hi\.p2\pool\plugins\org.eclipse.m2e.maven.runtime_3.9.900.20240824-1409\jars\wagon-provider-api-3.5.3.jar
2025-02-08 16:59:15,189 [Worker-49: Launching Executing clean in C__HandsOn_Java_spring-example] INFO  o.eclipse.m2e.core.internal.Bundles - getClasspathEntries(Bundle=com.google.guava_33.3.1.jre [10])
2025-02-08 16:59:15,191 [Worker-49: Launching Executing clean in C__HandsOn_Java_spring-example] INFO  o.eclipse.m2e.core.internal.Bundles - 	Entry: C:\Users\Hi\.p2\pool\plugins\com.google.guava_33.3.1.jre.jar
2025-02-08 16:59:15,191 [Worker-49: Launching Executing clean in C__HandsOn_Java_spring-example] INFO  o.eclipse.m2e.core.internal.Bundles - getClasspathEntries(Bundle=slf4j.api_2.0.16 [524])
2025-02-08 16:59:15,192 [Worker-49: Launching Executing clean in C__HandsOn_Java_spring-example] INFO  o.eclipse.m2e.core.internal.Bundles - 	Entry: C:\Users\Hi\.p2\pool\plugins\slf4j.api_2.0.16.jar
2025-02-08 16:59:15,192 [Worker-49: Launching Executing clean in C__HandsOn_Java_spring-example] INFO  o.eclipse.m2e.core.internal.Bundles - getClasspathEntries(Bundle=jakarta.inject.jakarta.inject-api_1.0.5 [22])
2025-02-08 16:59:15,192 [Worker-49: Launching Executing clean in C__HandsOn_Java_spring-example] INFO  o.eclipse.m2e.core.internal.Bundles - 	Entry: C:\Users\Hi\.p2\pool\plugins\jakarta.inject.jakarta.inject-api_1.0.5.jar
2025-02-08 16:59:15,192 [Worker-49: Launching Executing clean in C__HandsOn_Java_spring-example] INFO  o.eclipse.m2e.core.internal.Bundles - getClasspathEntries(Bundle=jakarta.annotation-api_1.3.5 [20])
2025-02-08 16:59:15,193 [Worker-49: Launching Executing clean in C__HandsOn_Java_spring-example] INFO  o.eclipse.m2e.core.internal.Bundles - 	Entry: C:\Users\Hi\.p2\pool\plugins\jakarta.annotation-api_1.3.5.jar
2025-02-08 16:59:15,193 [Worker-49: Launching Executing clean in C__HandsOn_Java_spring-example] INFO  o.eclipse.m2e.core.internal.Bundles - getClasspathEntries(Bundle=org.apache.commons.cli_1.9.0 [47])
2025-02-08 16:59:15,194 [Worker-49: Launching Executing clean in C__HandsOn_Java_spring-example] INFO  o.eclipse.m2e.core.internal.Bundles - 	Entry: C:\Users\Hi\.p2\pool\plugins\org.apache.commons.cli_1.9.0.jar
2025-02-08 16:59:15,195 [Worker-49: Launching Executing clean in C__HandsOn_Java_spring-example] INFO  o.eclipse.m2e.core.internal.Bundles - getClasspathEntries(Bundle=org.apache.commons.commons-codec_1.16.0 [50])
2025-02-08 16:59:15,196 [Worker-49: Launching Executing clean in C__HandsOn_Java_spring-example] INFO  o.eclipse.m2e.core.internal.Bundles - 	Entry: C:\Users\Hi\.p2\pool\plugins\org.apache.commons.commons-codec_1.16.0.jar
2025-02-08 16:59:15,196 [Worker-49: Launching Executing clean in C__HandsOn_Java_spring-example] INFO  o.eclipse.m2e.core.internal.Bundles - getClasspathEntries(Bundle=com.google.guava.failureaccess_1.0.2 [11])
2025-02-08 16:59:15,197 [Worker-49: Launching Executing clean in C__HandsOn_Java_spring-example] INFO  o.eclipse.m2e.core.internal.Bundles - 	Entry: C:\Users\Hi\.p2\pool\plugins\com.google.guava.failureaccess_1.0.2.jar
2025-02-08 16:59:15,216 [Worker-49: Launching Executing clean in C__HandsOn_Java_spring-example] INFO  o.e.m.i.launch.MavenLaunchDelegate - Run build in "C:\HandsOn\Java\spring-example":
2025-02-08 16:59:15,224 [Worker-49: Launching Executing clean in C__HandsOn_Java_spring-example] INFO  o.e.m.i.launch.MavenLaunchDelegate -  mvn  -B -Dstyle.color=always clean
2025-02-08 16:59:22,581 [Worker-40: Building] WARN  o.a.m.s.f.DefaultMavenResourcesFiltering - Using platform encoding (UTF-8 actually) to copy filtered resources, i.e. build is platform dependent!
2025-02-08 16:59:22,589 [Worker-40: Building] INFO  o.a.m.s.f.DefaultMavenResourcesFiltering - Copying 0 resource from src\main\resources to target\classes
2025-02-08 16:59:22,600 [Worker-40: Building] WARN  o.a.m.s.f.DefaultMavenResourcesFiltering - Using platform encoding (UTF-8 actually) to copy filtered resources, i.e. build is platform dependent!
2025-02-08 16:59:22,603 [Worker-40: Building] INFO  o.a.m.s.f.DefaultMavenResourcesFiltering - Copying 0 resource from src\test\resources to target\test-classes
2025-02-08 17:01:12,729 [Worker-30: Launching Executing install in C__HandsOn_Java_spring-example] INFO  o.eclipse.m2e.core.internal.Bundles - getClasspathEntries(Bundle=org.eclipse.m2e.maven.runtime_3.9.900.20240824-1409 [300])
2025-02-08 17:01:12,744 [Worker-30: Launching Executing install in C__HandsOn_Java_spring-example] INFO  o.eclipse.m2e.core.internal.Bundles - 	Entry: C:\Users\Hi\.p2\pool\plugins\org.eclipse.m2e.maven.runtime_3.9.900.20240824-1409
2025-02-08 17:01:12,745 [Worker-30: Launching Executing install in C__HandsOn_Java_spring-example] INFO  o.eclipse.m2e.core.internal.Bundles - 	Entry: C:\Users\Hi\.p2\pool\plugins\org.eclipse.m2e.maven.runtime_3.9.900.20240824-1409\jars\aopalliance-1.0.jar
2025-02-08 17:01:12,745 [Worker-30: Launching Executing install in C__HandsOn_Java_spring-example] INFO  o.eclipse.m2e.core.internal.Bundles - 	Entry: C:\Users\Hi\.p2\pool\plugins\org.eclipse.m2e.maven.runtime_3.9.900.20240824-1409\jars\guice-5.1.0.jar
2025-02-08 17:01:12,746 [Worker-30: Launching Executing install in C__HandsOn_Java_spring-example] INFO  o.eclipse.m2e.core.internal.Bundles - 	Entry: C:\Users\Hi\.p2\pool\plugins\org.eclipse.m2e.maven.runtime_3.9.900.20240824-1409\jars\httpclient-4.5.14.jar
2025-02-08 17:01:12,746 [Worker-30: Launching Executing install in C__HandsOn_Java_spring-example] INFO  o.eclipse.m2e.core.internal.Bundles - 	Entry: C:\Users\Hi\.p2\pool\plugins\org.eclipse.m2e.maven.runtime_3.9.900.20240824-1409\jars\httpcore-4.4.16.jar
2025-02-08 17:01:12,746 [Worker-30: Launching Executing install in C__HandsOn_Java_spring-example] INFO  o.eclipse.m2e.core.internal.Bundles - 	Entry: C:\Users\Hi\.p2\pool\plugins\org.eclipse.m2e.maven.runtime_3.9.900.20240824-1409\jars\jansi-2.4.1.jar
2025-02-08 17:01:12,746 [Worker-30: Launching Executing install in C__HandsOn_Java_spring-example] INFO  o.eclipse.m2e.core.internal.Bundles - 	Entry: C:\Users\Hi\.p2\pool\plugins\org.eclipse.m2e.maven.runtime_3.9.900.20240824-1409\jars\jcl-over-slf4j-1.7.36.jar
2025-02-08 17:01:12,746 [Worker-30: Launching Executing install in C__HandsOn_Java_spring-example] INFO  o.eclipse.m2e.core.internal.Bundles - 	Entry: C:\Users\Hi\.p2\pool\plugins\org.eclipse.m2e.maven.runtime_3.9.900.20240824-1409\jars\maven-artifact-3.9.9.jar
2025-02-08 17:01:12,746 [Worker-30: Launching Executing install in C__HandsOn_Java_spring-example] INFO  o.eclipse.m2e.core.internal.Bundles - 	Entry: C:\Users\Hi\.p2\pool\plugins\org.eclipse.m2e.maven.runtime_3.9.900.20240824-1409\jars\maven-builder-support-3.9.9.jar
2025-02-08 17:01:12,746 [Worker-30: Launching Executing install in C__HandsOn_Java_spring-example] INFO  o.eclipse.m2e.core.internal.Bundles - 	Entry: C:\Users\Hi\.p2\pool\plugins\org.eclipse.m2e.maven.runtime_3.9.900.20240824-1409\jars\maven-compat-3.9.9.jar
2025-02-08 17:01:12,747 [Worker-30: Launching Executing install in C__HandsOn_Java_spring-example] INFO  o.eclipse.m2e.core.internal.Bundles - 	Entry: C:\Users\Hi\.p2\pool\plugins\org.eclipse.m2e.maven.runtime_3.9.900.20240824-1409\jars\maven-core-3.9.9.jar
2025-02-08 17:01:12,747 [Worker-30: Launching Executing install in C__HandsOn_Java_spring-example] INFO  o.eclipse.m2e.core.internal.Bundles - 	Entry: C:\Users\Hi\.p2\pool\plugins\org.eclipse.m2e.maven.runtime_3.9.900.20240824-1409\jars\maven-embedder-3.9.9.jar
2025-02-08 17:01:12,747 [Worker-30: Launching Executing install in C__HandsOn_Java_spring-example] INFO  o.eclipse.m2e.core.internal.Bundles - 	Entry: C:\Users\Hi\.p2\pool\plugins\org.eclipse.m2e.maven.runtime_3.9.900.20240824-1409\jars\maven-model-3.9.9.jar
2025-02-08 17:01:12,747 [Worker-30: Launching Executing install in C__HandsOn_Java_spring-example] INFO  o.eclipse.m2e.core.internal.Bundles - 	Entry: C:\Users\Hi\.p2\pool\plugins\org.eclipse.m2e.maven.runtime_3.9.900.20240824-1409\jars\maven-model-builder-3.9.9.jar
2025-02-08 17:01:12,747 [Worker-30: Launching Executing install in C__HandsOn_Java_spring-example] INFO  o.eclipse.m2e.core.internal.Bundles - 	Entry: C:\Users\Hi\.p2\pool\plugins\org.eclipse.m2e.maven.runtime_3.9.900.20240824-1409\jars\maven-plugin-api-3.9.9.jar
2025-02-08 17:01:12,747 [Worker-30: Launching Executing install in C__HandsOn_Java_spring-example] INFO  o.eclipse.m2e.core.internal.Bundles - 	Entry: C:\Users\Hi\.p2\pool\plugins\org.eclipse.m2e.maven.runtime_3.9.900.20240824-1409\jars\maven-repository-metadata-3.9.9.jar
2025-02-08 17:01:12,747 [Worker-30: Launching Executing install in C__HandsOn_Java_spring-example] INFO  o.eclipse.m2e.core.internal.Bundles - 	Entry: C:\Users\Hi\.p2\pool\plugins\org.eclipse.m2e.maven.runtime_3.9.900.20240824-1409\jars\maven-resolver-api-1.9.22.jar
2025-02-08 17:01:12,747 [Worker-30: Launching Executing install in C__HandsOn_Java_spring-example] INFO  o.eclipse.m2e.core.internal.Bundles - 	Entry: C:\Users\Hi\.p2\pool\plugins\org.eclipse.m2e.maven.runtime_3.9.900.20240824-1409\jars\maven-resolver-connector-basic-1.9.22.jar
2025-02-08 17:01:12,748 [Worker-30: Launching Executing install in C__HandsOn_Java_spring-example] INFO  o.eclipse.m2e.core.internal.Bundles - 	Entry: C:\Users\Hi\.p2\pool\plugins\org.eclipse.m2e.maven.runtime_3.9.900.20240824-1409\jars\maven-resolver-impl-1.9.22.jar
2025-02-08 17:01:12,748 [Worker-30: Launching Executing install in C__HandsOn_Java_spring-example] INFO  o.eclipse.m2e.core.internal.Bundles - 	Entry: C:\Users\Hi\.p2\pool\plugins\org.eclipse.m2e.maven.runtime_3.9.900.20240824-1409\jars\maven-resolver-named-locks-1.9.22.jar
2025-02-08 17:01:12,748 [Worker-30: Launching Executing install in C__HandsOn_Java_spring-example] INFO  o.eclipse.m2e.core.internal.Bundles - 	Entry: C:\Users\Hi\.p2\pool\plugins\org.eclipse.m2e.maven.runtime_3.9.900.20240824-1409\jars\maven-resolver-provider-3.9.9.jar
2025-02-08 17:01:12,748 [Worker-30: Launching Executing install in C__HandsOn_Java_spring-example] INFO  o.eclipse.m2e.core.internal.Bundles - 	Entry: C:\Users\Hi\.p2\pool\plugins\org.eclipse.m2e.maven.runtime_3.9.900.20240824-1409\jars\maven-resolver-spi-1.9.22.jar
2025-02-08 17:01:12,748 [Worker-30: Launching Executing install in C__HandsOn_Java_spring-example] INFO  o.eclipse.m2e.core.internal.Bundles - 	Entry: C:\Users\Hi\.p2\pool\plugins\org.eclipse.m2e.maven.runtime_3.9.900.20240824-1409\jars\maven-resolver-transport-file-1.9.22.jar
2025-02-08 17:01:12,749 [Worker-30: Launching Executing install in C__HandsOn_Java_spring-example] INFO  o.eclipse.m2e.core.internal.Bundles - 	Entry: C:\Users\Hi\.p2\pool\plugins\org.eclipse.m2e.maven.runtime_3.9.900.20240824-1409\jars\maven-resolver-transport-http-1.9.22.jar
2025-02-08 17:01:12,749 [Worker-30: Launching Executing install in C__HandsOn_Java_spring-example] INFO  o.eclipse.m2e.core.internal.Bundles - 	Entry: C:\Users\Hi\.p2\pool\plugins\org.eclipse.m2e.maven.runtime_3.9.900.20240824-1409\jars\maven-resolver-transport-wagon-1.9.22.jar
2025-02-08 17:01:12,749 [Worker-30: Launching Executing install in C__HandsOn_Java_spring-example] INFO  o.eclipse.m2e.core.internal.Bundles - 	Entry: C:\Users\Hi\.p2\pool\plugins\org.eclipse.m2e.maven.runtime_3.9.900.20240824-1409\jars\maven-resolver-util-1.9.22.jar
2025-02-08 17:01:12,751 [Worker-30: Launching Executing install in C__HandsOn_Java_spring-example] INFO  o.eclipse.m2e.core.internal.Bundles - 	Entry: C:\Users\Hi\.p2\pool\plugins\org.eclipse.m2e.maven.runtime_3.9.900.20240824-1409\jars\maven-settings-3.9.9.jar
2025-02-08 17:01:12,751 [Worker-30: Launching Executing install in C__HandsOn_Java_spring-example] INFO  o.eclipse.m2e.core.internal.Bundles - 	Entry: C:\Users\Hi\.p2\pool\plugins\org.eclipse.m2e.maven.runtime_3.9.900.20240824-1409\jars\maven-settings-builder-3.9.9.jar
2025-02-08 17:01:12,751 [Worker-30: Launching Executing install in C__HandsOn_Java_spring-example] INFO  o.eclipse.m2e.core.internal.Bundles - 	Entry: C:\Users\Hi\.p2\pool\plugins\org.eclipse.m2e.maven.runtime_3.9.900.20240824-1409\jars\maven-shared-utils-3.4.2.jar
2025-02-08 17:01:12,751 [Worker-30: Launching Executing install in C__HandsOn_Java_spring-example] INFO  o.eclipse.m2e.core.internal.Bundles - 	Entry: C:\Users\Hi\.p2\pool\plugins\org.eclipse.m2e.maven.runtime_3.9.900.20240824-1409\jars\org.eclipse.sisu.inject-0.9.0.M3.jar
2025-02-08 17:01:12,752 [Worker-30: Launching Executing install in C__HandsOn_Java_spring-example] INFO  o.eclipse.m2e.core.internal.Bundles - 	Entry: C:\Users\Hi\.p2\pool\plugins\org.eclipse.m2e.maven.runtime_3.9.900.20240824-1409\jars\org.eclipse.sisu.plexus-0.9.0.M3.jar
2025-02-08 17:01:12,752 [Worker-30: Launching Executing install in C__HandsOn_Java_spring-example] INFO  o.eclipse.m2e.core.internal.Bundles - 	Entry: C:\Users\Hi\.p2\pool\plugins\org.eclipse.m2e.maven.runtime_3.9.900.20240824-1409\jars\plexus-build-api-0.0.7.jar
2025-02-08 17:01:12,752 [Worker-30: Launching Executing install in C__HandsOn_Java_spring-example] INFO  o.eclipse.m2e.core.internal.Bundles - 	Entry: C:\Users\Hi\.p2\pool\plugins\org.eclipse.m2e.maven.runtime_3.9.900.20240824-1409\jars\plexus-build-api-1.2.0.jar
2025-02-08 17:01:12,752 [Worker-30: Launching Executing install in C__HandsOn_Java_spring-example] INFO  o.eclipse.m2e.core.internal.Bundles - 	Entry: C:\Users\Hi\.p2\pool\plugins\org.eclipse.m2e.maven.runtime_3.9.900.20240824-1409\jars\plexus-cipher-2.0.jar
2025-02-08 17:01:12,752 [Worker-30: Launching Executing install in C__HandsOn_Java_spring-example] INFO  o.eclipse.m2e.core.internal.Bundles - 	Entry: C:\Users\Hi\.p2\pool\plugins\org.eclipse.m2e.maven.runtime_3.9.900.20240824-1409\jars\plexus-classworlds-2.8.0.jar
2025-02-08 17:01:12,753 [Worker-30: Launching Executing install in C__HandsOn_Java_spring-example] INFO  o.eclipse.m2e.core.internal.Bundles - 	Entry: C:\Users\Hi\.p2\pool\plugins\org.eclipse.m2e.maven.runtime_3.9.900.20240824-1409\jars\plexus-component-annotations-2.1.0.jar
2025-02-08 17:01:12,753 [Worker-30: Launching Executing install in C__HandsOn_Java_spring-example] INFO  o.eclipse.m2e.core.internal.Bundles - 	Entry: C:\Users\Hi\.p2\pool\plugins\org.eclipse.m2e.maven.runtime_3.9.900.20240824-1409\jars\plexus-interpolation-1.27.jar
2025-02-08 17:01:12,753 [Worker-30: Launching Executing install in C__HandsOn_Java_spring-example] INFO  o.eclipse.m2e.core.internal.Bundles - 	Entry: C:\Users\Hi\.p2\pool\plugins\org.eclipse.m2e.maven.runtime_3.9.900.20240824-1409\jars\plexus-sec-dispatcher-2.0.jar
2025-02-08 17:01:12,754 [Worker-30: Launching Executing install in C__HandsOn_Java_spring-example] INFO  o.eclipse.m2e.core.internal.Bundles - 	Entry: C:\Users\Hi\.p2\pool\plugins\org.eclipse.m2e.maven.runtime_3.9.900.20240824-1409\jars\plexus-utils-3.5.1.jar
2025-02-08 17:01:12,754 [Worker-30: Launching Executing install in C__HandsOn_Java_spring-example] INFO  o.eclipse.m2e.core.internal.Bundles - 	Entry: C:\Users\Hi\.p2\pool\plugins\org.eclipse.m2e.maven.runtime_3.9.900.20240824-1409\jars\plexus-xml-3.0.1.jar
2025-02-08 17:01:12,755 [Worker-30: Launching Executing install in C__HandsOn_Java_spring-example] INFO  o.eclipse.m2e.core.internal.Bundles - 	Entry: C:\Users\Hi\.p2\pool\plugins\org.eclipse.m2e.maven.runtime_3.9.900.20240824-1409\jars\wagon-file-3.5.3.jar
2025-02-08 17:01:12,755 [Worker-30: Launching Executing install in C__HandsOn_Java_spring-example] INFO  o.eclipse.m2e.core.internal.Bundles - 	Entry: C:\Users\Hi\.p2\pool\plugins\org.eclipse.m2e.maven.runtime_3.9.900.20240824-1409\jars\wagon-http-3.5.3.jar
2025-02-08 17:01:12,755 [Worker-30: Launching Executing install in C__HandsOn_Java_spring-example] INFO  o.eclipse.m2e.core.internal.Bundles - 	Entry: C:\Users\Hi\.p2\pool\plugins\org.eclipse.m2e.maven.runtime_3.9.900.20240824-1409\jars\wagon-http-shared-3.5.3.jar
2025-02-08 17:01:12,755 [Worker-30: Launching Executing install in C__HandsOn_Java_spring-example] INFO  o.eclipse.m2e.core.internal.Bundles - 	Entry: C:\Users\Hi\.p2\pool\plugins\org.eclipse.m2e.maven.runtime_3.9.900.20240824-1409\jars\wagon-provider-api-3.5.3.jar
2025-02-08 17:01:12,760 [Worker-30: Launching Executing install in C__HandsOn_Java_spring-example] INFO  o.eclipse.m2e.core.internal.Bundles - getClasspathEntries(Bundle=com.google.guava_33.3.1.jre [10])
2025-02-08 17:01:12,761 [Worker-30: Launching Executing install in C__HandsOn_Java_spring-example] INFO  o.eclipse.m2e.core.internal.Bundles - 	Entry: C:\Users\Hi\.p2\pool\plugins\com.google.guava_33.3.1.jre.jar
2025-02-08 17:01:12,761 [Worker-30: Launching Executing install in C__HandsOn_Java_spring-example] INFO  o.eclipse.m2e.core.internal.Bundles - getClasspathEntries(Bundle=slf4j.api_2.0.16 [524])
2025-02-08 17:01:12,763 [Worker-30: Launching Executing install in C__HandsOn_Java_spring-example] INFO  o.eclipse.m2e.core.internal.Bundles - 	Entry: C:\Users\Hi\.p2\pool\plugins\slf4j.api_2.0.16.jar
2025-02-08 17:01:12,763 [Worker-30: Launching Executing install in C__HandsOn_Java_spring-example] INFO  o.eclipse.m2e.core.internal.Bundles - getClasspathEntries(Bundle=jakarta.inject.jakarta.inject-api_1.0.5 [22])
2025-02-08 17:01:12,765 [Worker-30: Launching Executing install in C__HandsOn_Java_spring-example] INFO  o.eclipse.m2e.core.internal.Bundles - 	Entry: C:\Users\Hi\.p2\pool\plugins\jakarta.inject.jakarta.inject-api_1.0.5.jar
2025-02-08 17:01:12,765 [Worker-30: Launching Executing install in C__HandsOn_Java_spring-example] INFO  o.eclipse.m2e.core.internal.Bundles - getClasspathEntries(Bundle=jakarta.annotation-api_1.3.5 [20])
2025-02-08 17:01:12,766 [Worker-30: Launching Executing install in C__HandsOn_Java_spring-example] INFO  o.eclipse.m2e.core.internal.Bundles - 	Entry: C:\Users\Hi\.p2\pool\plugins\jakarta.annotation-api_1.3.5.jar
2025-02-08 17:01:12,767 [Worker-30: Launching Executing install in C__HandsOn_Java_spring-example] INFO  o.eclipse.m2e.core.internal.Bundles - getClasspathEntries(Bundle=org.apache.commons.cli_1.9.0 [47])
2025-02-08 17:01:12,769 [Worker-30: Launching Executing install in C__HandsOn_Java_spring-example] INFO  o.eclipse.m2e.core.internal.Bundles - 	Entry: C:\Users\Hi\.p2\pool\plugins\org.apache.commons.cli_1.9.0.jar
2025-02-08 17:01:12,769 [Worker-30: Launching Executing install in C__HandsOn_Java_spring-example] INFO  o.eclipse.m2e.core.internal.Bundles - getClasspathEntries(Bundle=org.apache.commons.commons-codec_1.16.0 [50])
2025-02-08 17:01:12,770 [Worker-30: Launching Executing install in C__HandsOn_Java_spring-example] INFO  o.eclipse.m2e.core.internal.Bundles - 	Entry: C:\Users\Hi\.p2\pool\plugins\org.apache.commons.commons-codec_1.16.0.jar
2025-02-08 17:01:12,771 [Worker-30: Launching Executing install in C__HandsOn_Java_spring-example] INFO  o.eclipse.m2e.core.internal.Bundles - getClasspathEntries(Bundle=com.google.guava.failureaccess_1.0.2 [11])
2025-02-08 17:01:12,773 [Worker-30: Launching Executing install in C__HandsOn_Java_spring-example] INFO  o.eclipse.m2e.core.internal.Bundles - 	Entry: C:\Users\Hi\.p2\pool\plugins\com.google.guava.failureaccess_1.0.2.jar
2025-02-08 17:01:12,782 [Worker-30: Launching Executing install in C__HandsOn_Java_spring-example] INFO  o.e.m.i.launch.MavenLaunchDelegate - Run build in "C:\HandsOn\Java\spring-example":
2025-02-08 17:01:12,786 [Worker-30: Launching Executing install in C__HandsOn_Java_spring-example] INFO  o.e.m.i.launch.MavenLaunchDelegate -  mvn  -B -Dstyle.color=always install
2025-02-08 18:01:39,775 [Worker-28: Launching Executing clean in C__HandsOn_Java_spring-example] INFO  o.eclipse.m2e.core.internal.Bundles - getClasspathEntries(Bundle=org.eclipse.m2e.maven.runtime_3.9.900.20240824-1409 [300])
2025-02-08 18:01:39,801 [Worker-28: Launching Executing clean in C__HandsOn_Java_spring-example] INFO  o.eclipse.m2e.core.internal.Bundles - 	Entry: C:\Users\Hi\.p2\pool\plugins\org.eclipse.m2e.maven.runtime_3.9.900.20240824-1409
2025-02-08 18:01:39,804 [Worker-28: Launching Executing clean in C__HandsOn_Java_spring-example] INFO  o.eclipse.m2e.core.internal.Bundles - 	Entry: C:\Users\Hi\.p2\pool\plugins\org.eclipse.m2e.maven.runtime_3.9.900.20240824-1409\jars\aopalliance-1.0.jar
2025-02-08 18:01:39,804 [Worker-28: Launching Executing clean in C__HandsOn_Java_spring-example] INFO  o.eclipse.m2e.core.internal.Bundles - 	Entry: C:\Users\Hi\.p2\pool\plugins\org.eclipse.m2e.maven.runtime_3.9.900.20240824-1409\jars\guice-5.1.0.jar
2025-02-08 18:01:39,805 [Worker-28: Launching Executing clean in C__HandsOn_Java_spring-example] INFO  o.eclipse.m2e.core.internal.Bundles - 	Entry: C:\Users\Hi\.p2\pool\plugins\org.eclipse.m2e.maven.runtime_3.9.900.20240824-1409\jars\httpclient-4.5.14.jar
2025-02-08 18:01:39,806 [Worker-28: Launching Executing clean in C__HandsOn_Java_spring-example] INFO  o.eclipse.m2e.core.internal.Bundles - 	Entry: C:\Users\Hi\.p2\pool\plugins\org.eclipse.m2e.maven.runtime_3.9.900.20240824-1409\jars\httpcore-4.4.16.jar
2025-02-08 18:01:39,806 [Worker-28: Launching Executing clean in C__HandsOn_Java_spring-example] INFO  o.eclipse.m2e.core.internal.Bundles - 	Entry: C:\Users\Hi\.p2\pool\plugins\org.eclipse.m2e.maven.runtime_3.9.900.20240824-1409\jars\jansi-2.4.1.jar
2025-02-08 18:01:39,806 [Worker-28: Launching Executing clean in C__HandsOn_Java_spring-example] INFO  o.eclipse.m2e.core.internal.Bundles - 	Entry: C:\Users\Hi\.p2\pool\plugins\org.eclipse.m2e.maven.runtime_3.9.900.20240824-1409\jars\jcl-over-slf4j-1.7.36.jar
2025-02-08 18:01:39,807 [Worker-28: Launching Executing clean in C__HandsOn_Java_spring-example] INFO  o.eclipse.m2e.core.internal.Bundles - 	Entry: C:\Users\Hi\.p2\pool\plugins\org.eclipse.m2e.maven.runtime_3.9.900.20240824-1409\jars\maven-artifact-3.9.9.jar
2025-02-08 18:01:39,807 [Worker-28: Launching Executing clean in C__HandsOn_Java_spring-example] INFO  o.eclipse.m2e.core.internal.Bundles - 	Entry: C:\Users\Hi\.p2\pool\plugins\org.eclipse.m2e.maven.runtime_3.9.900.20240824-1409\jars\maven-builder-support-3.9.9.jar
2025-02-08 18:01:39,808 [Worker-28: Launching Executing clean in C__HandsOn_Java_spring-example] INFO  o.eclipse.m2e.core.internal.Bundles - 	Entry: C:\Users\Hi\.p2\pool\plugins\org.eclipse.m2e.maven.runtime_3.9.900.20240824-1409\jars\maven-compat-3.9.9.jar
2025-02-08 18:01:39,810 [Worker-28: Launching Executing clean in C__HandsOn_Java_spring-example] INFO  o.eclipse.m2e.core.internal.Bundles - 	Entry: C:\Users\Hi\.p2\pool\plugins\org.eclipse.m2e.maven.runtime_3.9.900.20240824-1409\jars\maven-core-3.9.9.jar
2025-02-08 18:01:39,810 [Worker-28: Launching Executing clean in C__HandsOn_Java_spring-example] INFO  o.eclipse.m2e.core.internal.Bundles - 	Entry: C:\Users\Hi\.p2\pool\plugins\org.eclipse.m2e.maven.runtime_3.9.900.20240824-1409\jars\maven-embedder-3.9.9.jar
2025-02-08 18:01:39,811 [Worker-28: Launching Executing clean in C__HandsOn_Java_spring-example] INFO  o.eclipse.m2e.core.internal.Bundles - 	Entry: C:\Users\Hi\.p2\pool\plugins\org.eclipse.m2e.maven.runtime_3.9.900.20240824-1409\jars\maven-model-3.9.9.jar
2025-02-08 18:01:39,813 [Worker-28: Launching Executing clean in C__HandsOn_Java_spring-example] INFO  o.eclipse.m2e.core.internal.Bundles - 	Entry: C:\Users\Hi\.p2\pool\plugins\org.eclipse.m2e.maven.runtime_3.9.900.20240824-1409\jars\maven-model-builder-3.9.9.jar
2025-02-08 18:01:39,815 [Worker-28: Launching Executing clean in C__HandsOn_Java_spring-example] INFO  o.eclipse.m2e.core.internal.Bundles - 	Entry: C:\Users\Hi\.p2\pool\plugins\org.eclipse.m2e.maven.runtime_3.9.900.20240824-1409\jars\maven-plugin-api-3.9.9.jar
2025-02-08 18:01:39,815 [Worker-28: Launching Executing clean in C__HandsOn_Java_spring-example] INFO  o.eclipse.m2e.core.internal.Bundles - 	Entry: C:\Users\Hi\.p2\pool\plugins\org.eclipse.m2e.maven.runtime_3.9.900.20240824-1409\jars\maven-repository-metadata-3.9.9.jar
2025-02-08 18:01:39,816 [Worker-28: Launching Executing clean in C__HandsOn_Java_spring-example] INFO  o.eclipse.m2e.core.internal.Bundles - 	Entry: C:\Users\Hi\.p2\pool\plugins\org.eclipse.m2e.maven.runtime_3.9.900.20240824-1409\jars\maven-resolver-api-1.9.22.jar
2025-02-08 18:01:39,816 [Worker-28: Launching Executing clean in C__HandsOn_Java_spring-example] INFO  o.eclipse.m2e.core.internal.Bundles - 	Entry: C:\Users\Hi\.p2\pool\plugins\org.eclipse.m2e.maven.runtime_3.9.900.20240824-1409\jars\maven-resolver-connector-basic-1.9.22.jar
2025-02-08 18:01:39,819 [Worker-28: Launching Executing clean in C__HandsOn_Java_spring-example] INFO  o.eclipse.m2e.core.internal.Bundles - 	Entry: C:\Users\Hi\.p2\pool\plugins\org.eclipse.m2e.maven.runtime_3.9.900.20240824-1409\jars\maven-resolver-impl-1.9.22.jar
2025-02-08 18:01:39,819 [Worker-28: Launching Executing clean in C__HandsOn_Java_spring-example] INFO  o.eclipse.m2e.core.internal.Bundles - 	Entry: C:\Users\Hi\.p2\pool\plugins\org.eclipse.m2e.maven.runtime_3.9.900.20240824-1409\jars\maven-resolver-named-locks-1.9.22.jar
2025-02-08 18:01:39,820 [Worker-28: Launching Executing clean in C__HandsOn_Java_spring-example] INFO  o.eclipse.m2e.core.internal.Bundles - 	Entry: C:\Users\Hi\.p2\pool\plugins\org.eclipse.m2e.maven.runtime_3.9.900.20240824-1409\jars\maven-resolver-provider-3.9.9.jar
2025-02-08 18:01:39,821 [Worker-28: Launching Executing clean in C__HandsOn_Java_spring-example] INFO  o.eclipse.m2e.core.internal.Bundles - 	Entry: C:\Users\Hi\.p2\pool\plugins\org.eclipse.m2e.maven.runtime_3.9.900.20240824-1409\jars\maven-resolver-spi-1.9.22.jar
2025-02-08 18:01:39,821 [Worker-28: Launching Executing clean in C__HandsOn_Java_spring-example] INFO  o.eclipse.m2e.core.internal.Bundles - 	Entry: C:\Users\Hi\.p2\pool\plugins\org.eclipse.m2e.maven.runtime_3.9.900.20240824-1409\jars\maven-resolver-transport-file-1.9.22.jar
2025-02-08 18:01:39,822 [Worker-28: Launching Executing clean in C__HandsOn_Java_spring-example] INFO  o.eclipse.m2e.core.internal.Bundles - 	Entry: C:\Users\Hi\.p2\pool\plugins\org.eclipse.m2e.maven.runtime_3.9.900.20240824-1409\jars\maven-resolver-transport-http-1.9.22.jar
2025-02-08 18:01:39,822 [Worker-28: Launching Executing clean in C__HandsOn_Java_spring-example] INFO  o.eclipse.m2e.core.internal.Bundles - 	Entry: C:\Users\Hi\.p2\pool\plugins\org.eclipse.m2e.maven.runtime_3.9.900.20240824-1409\jars\maven-resolver-transport-wagon-1.9.22.jar
2025-02-08 18:01:39,823 [Worker-28: Launching Executing clean in C__HandsOn_Java_spring-example] INFO  o.eclipse.m2e.core.internal.Bundles - 	Entry: C:\Users\Hi\.p2\pool\plugins\org.eclipse.m2e.maven.runtime_3.9.900.20240824-1409\jars\maven-resolver-util-1.9.22.jar
2025-02-08 18:01:39,823 [Worker-28: Launching Executing clean in C__HandsOn_Java_spring-example] INFO  o.eclipse.m2e.core.internal.Bundles - 	Entry: C:\Users\Hi\.p2\pool\plugins\org.eclipse.m2e.maven.runtime_3.9.900.20240824-1409\jars\maven-settings-3.9.9.jar
2025-02-08 18:01:39,824 [Worker-28: Launching Executing clean in C__HandsOn_Java_spring-example] INFO  o.eclipse.m2e.core.internal.Bundles - 	Entry: C:\Users\Hi\.p2\pool\plugins\org.eclipse.m2e.maven.runtime_3.9.900.20240824-1409\jars\maven-settings-builder-3.9.9.jar
2025-02-08 18:01:39,824 [Worker-28: Launching Executing clean in C__HandsOn_Java_spring-example] INFO  o.eclipse.m2e.core.internal.Bundles - 	Entry: C:\Users\Hi\.p2\pool\plugins\org.eclipse.m2e.maven.runtime_3.9.900.20240824-1409\jars\maven-shared-utils-3.4.2.jar
2025-02-08 18:01:39,825 [Worker-28: Launching Executing clean in C__HandsOn_Java_spring-example] INFO  o.eclipse.m2e.core.internal.Bundles - 	Entry: C:\Users\Hi\.p2\pool\plugins\org.eclipse.m2e.maven.runtime_3.9.900.20240824-1409\jars\org.eclipse.sisu.inject-0.9.0.M3.jar
2025-02-08 18:01:39,825 [Worker-28: Launching Executing clean in C__HandsOn_Java_spring-example] INFO  o.eclipse.m2e.core.internal.Bundles - 	Entry: C:\Users\Hi\.p2\pool\plugins\org.eclipse.m2e.maven.runtime_3.9.900.20240824-1409\jars\org.eclipse.sisu.plexus-0.9.0.M3.jar
2025-02-08 18:01:39,826 [Worker-28: Launching Executing clean in C__HandsOn_Java_spring-example] INFO  o.eclipse.m2e.core.internal.Bundles - 	Entry: C:\Users\Hi\.p2\pool\plugins\org.eclipse.m2e.maven.runtime_3.9.900.20240824-1409\jars\plexus-build-api-0.0.7.jar
2025-02-08 18:01:39,827 [Worker-28: Launching Executing clean in C__HandsOn_Java_spring-example] INFO  o.eclipse.m2e.core.internal.Bundles - 	Entry: C:\Users\Hi\.p2\pool\plugins\org.eclipse.m2e.maven.runtime_3.9.900.20240824-1409\jars\plexus-build-api-1.2.0.jar
2025-02-08 18:01:39,827 [Worker-28: Launching Executing clean in C__HandsOn_Java_spring-example] INFO  o.eclipse.m2e.core.internal.Bundles - 	Entry: C:\Users\Hi\.p2\pool\plugins\org.eclipse.m2e.maven.runtime_3.9.900.20240824-1409\jars\plexus-cipher-2.0.jar
2025-02-08 18:01:39,827 [Worker-28: Launching Executing clean in C__HandsOn_Java_spring-example] INFO  o.eclipse.m2e.core.internal.Bundles - 	Entry: C:\Users\Hi\.p2\pool\plugins\org.eclipse.m2e.maven.runtime_3.9.900.20240824-1409\jars\plexus-classworlds-2.8.0.jar
2025-02-08 18:01:39,828 [Worker-28: Launching Executing clean in C__HandsOn_Java_spring-example] INFO  o.eclipse.m2e.core.internal.Bundles - 	Entry: C:\Users\Hi\.p2\pool\plugins\org.eclipse.m2e.maven.runtime_3.9.900.20240824-1409\jars\plexus-component-annotations-2.1.0.jar
2025-02-08 18:01:39,829 [Worker-28: Launching Executing clean in C__HandsOn_Java_spring-example] INFO  o.eclipse.m2e.core.internal.Bundles - 	Entry: C:\Users\Hi\.p2\pool\plugins\org.eclipse.m2e.maven.runtime_3.9.900.20240824-1409\jars\plexus-interpolation-1.27.jar
2025-02-08 18:01:39,831 [Worker-28: Launching Executing clean in C__HandsOn_Java_spring-example] INFO  o.eclipse.m2e.core.internal.Bundles - 	Entry: C:\Users\Hi\.p2\pool\plugins\org.eclipse.m2e.maven.runtime_3.9.900.20240824-1409\jars\plexus-sec-dispatcher-2.0.jar
2025-02-08 18:01:39,831 [Worker-28: Launching Executing clean in C__HandsOn_Java_spring-example] INFO  o.eclipse.m2e.core.internal.Bundles - 	Entry: C:\Users\Hi\.p2\pool\plugins\org.eclipse.m2e.maven.runtime_3.9.900.20240824-1409\jars\plexus-utils-3.5.1.jar
2025-02-08 18:01:39,831 [Worker-28: Launching Executing clean in C__HandsOn_Java_spring-example] INFO  o.eclipse.m2e.core.internal.Bundles - 	Entry: C:\Users\Hi\.p2\pool\plugins\org.eclipse.m2e.maven.runtime_3.9.900.20240824-1409\jars\plexus-xml-3.0.1.jar
2025-02-08 18:01:39,831 [Worker-28: Launching Executing clean in C__HandsOn_Java_spring-example] INFO  o.eclipse.m2e.core.internal.Bundles - 	Entry: C:\Users\Hi\.p2\pool\plugins\org.eclipse.m2e.maven.runtime_3.9.900.20240824-1409\jars\wagon-file-3.5.3.jar
2025-02-08 18:01:39,832 [Worker-28: Launching Executing clean in C__HandsOn_Java_spring-example] INFO  o.eclipse.m2e.core.internal.Bundles - 	Entry: C:\Users\Hi\.p2\pool\plugins\org.eclipse.m2e.maven.runtime_3.9.900.20240824-1409\jars\wagon-http-3.5.3.jar
2025-02-08 18:01:39,832 [Worker-28: Launching Executing clean in C__HandsOn_Java_spring-example] INFO  o.eclipse.m2e.core.internal.Bundles - 	Entry: C:\Users\Hi\.p2\pool\plugins\org.eclipse.m2e.maven.runtime_3.9.900.20240824-1409\jars\wagon-http-shared-3.5.3.jar
2025-02-08 18:01:39,833 [Worker-28: Launching Executing clean in C__HandsOn_Java_spring-example] INFO  o.eclipse.m2e.core.internal.Bundles - 	Entry: C:\Users\Hi\.p2\pool\plugins\org.eclipse.m2e.maven.runtime_3.9.900.20240824-1409\jars\wagon-provider-api-3.5.3.jar
2025-02-08 18:01:39,838 [Worker-28: Launching Executing clean in C__HandsOn_Java_spring-example] INFO  o.eclipse.m2e.core.internal.Bundles - getClasspathEntries(Bundle=com.google.guava_33.3.1.jre [10])
2025-02-08 18:01:39,839 [Worker-28: Launching Executing clean in C__HandsOn_Java_spring-example] INFO  o.eclipse.m2e.core.internal.Bundles - 	Entry: C:\Users\Hi\.p2\pool\plugins\com.google.guava_33.3.1.jre.jar
2025-02-08 18:01:39,839 [Worker-28: Launching Executing clean in C__HandsOn_Java_spring-example] INFO  o.eclipse.m2e.core.internal.Bundles - getClasspathEntries(Bundle=slf4j.api_2.0.16 [524])
2025-02-08 18:01:39,840 [Worker-28: Launching Executing clean in C__HandsOn_Java_spring-example] INFO  o.eclipse.m2e.core.internal.Bundles - 	Entry: C:\Users\Hi\.p2\pool\plugins\slf4j.api_2.0.16.jar
2025-02-08 18:01:39,840 [Worker-28: Launching Executing clean in C__HandsOn_Java_spring-example] INFO  o.eclipse.m2e.core.internal.Bundles - getClasspathEntries(Bundle=jakarta.inject.jakarta.inject-api_1.0.5 [22])
2025-02-08 18:01:39,841 [Worker-28: Launching Executing clean in C__HandsOn_Java_spring-example] INFO  o.eclipse.m2e.core.internal.Bundles - 	Entry: C:\Users\Hi\.p2\pool\plugins\jakarta.inject.jakarta.inject-api_1.0.5.jar
2025-02-08 18:01:39,841 [Worker-28: Launching Executing clean in C__HandsOn_Java_spring-example] INFO  o.eclipse.m2e.core.internal.Bundles - getClasspathEntries(Bundle=jakarta.annotation-api_1.3.5 [20])
2025-02-08 18:01:39,841 [Worker-28: Launching Executing clean in C__HandsOn_Java_spring-example] INFO  o.eclipse.m2e.core.internal.Bundles - 	Entry: C:\Users\Hi\.p2\pool\plugins\jakarta.annotation-api_1.3.5.jar
2025-02-08 18:01:39,841 [Worker-28: Launching Executing clean in C__HandsOn_Java_spring-example] INFO  o.eclipse.m2e.core.internal.Bundles - getClasspathEntries(Bundle=org.apache.commons.cli_1.9.0 [47])
2025-02-08 18:01:39,842 [Worker-28: Launching Executing clean in C__HandsOn_Java_spring-example] INFO  o.eclipse.m2e.core.internal.Bundles - 	Entry: C:\Users\Hi\.p2\pool\plugins\org.apache.commons.cli_1.9.0.jar
2025-02-08 18:01:39,842 [Worker-28: Launching Executing clean in C__HandsOn_Java_spring-example] INFO  o.eclipse.m2e.core.internal.Bundles - getClasspathEntries(Bundle=org.apache.commons.commons-codec_1.16.0 [50])
2025-02-08 18:01:39,843 [Worker-28: Launching Executing clean in C__HandsOn_Java_spring-example] INFO  o.eclipse.m2e.core.internal.Bundles - 	Entry: C:\Users\Hi\.p2\pool\plugins\org.apache.commons.commons-codec_1.16.0.jar
2025-02-08 18:01:39,843 [Worker-28: Launching Executing clean in C__HandsOn_Java_spring-example] INFO  o.eclipse.m2e.core.internal.Bundles - getClasspathEntries(Bundle=com.google.guava.failureaccess_1.0.2 [11])
2025-02-08 18:01:39,843 [Worker-28: Launching Executing clean in C__HandsOn_Java_spring-example] INFO  o.eclipse.m2e.core.internal.Bundles - 	Entry: C:\Users\Hi\.p2\pool\plugins\com.google.guava.failureaccess_1.0.2.jar
2025-02-08 18:01:39,858 [Worker-28: Launching Executing clean in C__HandsOn_Java_spring-example] INFO  o.e.m.i.launch.MavenLaunchDelegate - Run build in "C:\HandsOn\Java\spring-example":
2025-02-08 18:01:39,861 [Worker-28: Launching Executing clean in C__HandsOn_Java_spring-example] INFO  o.e.m.i.launch.MavenLaunchDelegate -  mvn  -B -Dstyle.color=always clean
2025-02-08 18:01:43,683 [Worker-38: Building] WARN  o.a.m.s.f.DefaultMavenResourcesFiltering - Using platform encoding (UTF-8 actually) to copy filtered resources, i.e. build is platform dependent!
2025-02-08 18:01:43,696 [Worker-38: Building] INFO  o.a.m.s.f.DefaultMavenResourcesFiltering - Copying 0 resource from src\main\resources to target\classes
2025-02-08 18:01:43,704 [Worker-38: Building] WARN  o.a.m.s.f.DefaultMavenResourcesFiltering - Using platform encoding (UTF-8 actually) to copy filtered resources, i.e. build is platform dependent!
2025-02-08 18:01:43,705 [Worker-38: Building] INFO  o.a.m.s.f.DefaultMavenResourcesFiltering - Copying 0 resource from src\test\resources to target\test-classes
2025-02-10 13:46:18,468 [Worker-0: Loading available Gradle versions] INFO  o.e.b.c.i.u.g.PublishedGradleVersions - Gradle version information cache is out-of-date. Trying to update.
2025-02-10 14:12:18,195 [Worker-22: Building] WARN  o.a.m.s.f.DefaultMavenResourcesFiltering - Using platform encoding (UTF-8 actually) to copy filtered resources, i.e. build is platform dependent!
2025-02-10 14:12:18,230 [Worker-22: Building] INFO  o.a.m.s.f.DefaultMavenResourcesFiltering - Copying 0 resource from src\main\resources to target\classes
2025-02-10 14:12:18,237 [Worker-22: Building] WARN  o.a.m.s.f.DefaultMavenResourcesFiltering - Using platform encoding (UTF-8 actually) to copy filtered resources, i.e. build is platform dependent!
2025-02-10 14:12:18,239 [Worker-22: Building] INFO  o.a.m.s.f.DefaultMavenResourcesFiltering - Copying 0 resource from src\test\resources to target\test-classes
